#
# There is insufficient memory for the Java Runtime Environment to continue.
# Native memory allocation (malloc) failed to allocate 6349016 bytes. Error detail: Chunk::new
# Possible reasons:
#   The system is out of physical RAM or swap space
#   This process is running with CompressedOops enabled, and the Java Heap may be blocking the growth of the native heap
# Possible solutions:
#   Reduce memory load on the system
#   Increase physical memory or swap space
#   Check if swap backing store is full
#   Decrease Java heap size (-Xmx/-Xms)
#   Decrease number of Java threads
#   Decrease Java thread stack sizes (-Xss)
#   Set larger code cache with -XX:ReservedCodeCacheSize=
#   JVM is running with Unscaled Compressed Oops mode in which the Java heap is
#     placed in the first 4GB address space. The Java Heap base address is the
#     maximum limit for the native heap growth. Please use -XX:HeapBaseMinAddress
#     to set the Java Heap base and to place the Java Heap above 4GB virtual address.
# This output file may be truncated or incomplete.
#
#  Out of Memory Error (arena.cpp:186), pid=9188, tid=8680
#
# JRE version: Java(TM) SE Runtime Environment (25.0.3+9) (build 25.0.3+9-LTS-195)
# Java VM: Java HotSpot(TM) 64-Bit Server VM (25.0.3+9-LTS-195, mixed mode, sharing, tiered, compressed oops, compressed class ptrs, g1 gc, windows-amd64)
# No core dump will be written. Minidumps are not enabled by default on client versions of Windows
#

---------------  S U M M A R Y ------------

Command Line: --add-opens=java.base/java.lang=ALL-UNNAMED --add-opens=java.base/java.lang.invoke=ALL-UNNAMED --add-opens=java.base/java.util=ALL-UNNAMED --add-opens=java.prefs/java.util.prefs=ALL-UNNAMED --add-exports=jdk.compiler/com.sun.tools.javac.api=ALL-UNNAMED --add-exports=jdk.compiler/com.sun.tools.javac.util=ALL-UNNAMED --add-opens=java.base/java.util=ALL-UNNAMED --add-opens=java.prefs/java.util.prefs=ALL-UNNAMED --add-opens=java.base/java.nio.charset=ALL-UNNAMED --add-opens=java.base/java.net=ALL-UNNAMED --add-opens=java.base/java.util.concurrent=ALL-UNNAMED --add-opens=java.base/java.util.concurrent.atomic=ALL-UNNAMED --add-opens=java.xml/javax.xml.namespace=ALL-UNNAMED --add-opens=java.base/java.time=ALL-UNNAMED --enable-native-access=ALL-UNNAMED -XX:MaxMetaspaceSize=384m -XX:+HeapDumpOnOutOfMemoryError -Xms256m -Xmx512m -Dfile.encoding=UTF-8 -Duser.country=US -Duser.language=en -Duser.variant -javaagent:C:\Users\poloa\.gradle\wrapper\dists\gradle-9.4.1-bin\arn2x92ynaizyzdaamcbpbhtj\gradle-9.4.1\lib\agents\gradle-instrumentation-agent-9.4.1.jar org.gradle.launcher.daemon.bootstrap.GradleDaemon 9.4.1

Host: Intel(R) Core(TM) i3-1005G1 CPU @ 1.20GHz, 4 cores, 3G,  Windows 11 , 64 bit Build 26100 (10.0.26100.8328)
Time: Mon May 18 01:03:24 2026 Malay Peninsula Standard Time elapsed time: 342.939973 seconds (0d 0h 5m 42s)

---------------  T H R E A D  ---------------

Current thread (0x0000022732a36b90):  JavaThread "C2 CompilerThread0" daemon [_thread_in_native, id=8680, stack(0x000000cc1cf00000,0x000000cc1d000000) (1024K)]


Current CompileTask:
C2:342940 15742       4       org.gradle.api.internal.tasks.compile.incremental.compilerapi.deps.DependentSetSerializer::read (198 bytes)

Stack: [0x000000cc1cf00000,0x000000cc1d000000]
Native frames: (J=compiled Java code, j=interpreted, Vv=VM code, C=native code)
V  [jvm.dll+0x7a7d69]  (no source info available)
V  [jvm.dll+0x7739dd]  (no source info available)
V  [jvm.dll+0x9669f3]  (no source info available)
V  [jvm.dll+0x968ff1]  (no source info available)
V  [jvm.dll+0x969703]  (no source info available)
V  [jvm.dll+0x2fc9e6]  (no source info available)
V  [jvm.dll+0x111c96]  (no source info available)
V  [jvm.dll+0x111fbe]  (no source info available)
V  [jvm.dll+0x1a09f2]  (no source info available)
V  [jvm.dll+0x3b56d2]  (no source info available)
V  [jvm.dll+0x7ad6ff]  (no source info available)
V  [jvm.dll+0x2c0d37]  (no source info available)
V  [jvm.dll+0x2bfcff]  (no source info available)
V  [jvm.dll+0x237b20]  (no source info available)
V  [jvm.dll+0x2cfe26]  (no source info available)
V  [jvm.dll+0x2ce0a5]  (no source info available)
V  [jvm.dll+0x48ee81]  (no source info available)
V  [jvm.dll+0x907c6d]  (no source info available)
V  [jvm.dll+0x7a6345]  (no source info available)
C  [ucrtbase.dll+0x37b0]  (no source info available)
C  [KERNEL32.DLL+0x2e957]  (no source info available)
C  [ntdll.dll+0x427c]  (no source info available)

Lock stack of current Java thread (top to bottom):


---------------  P R O C E S S  ---------------

Threads class SMR info:
_java_thread_list=0x000002273a57cc40, length=51, elements={
0x0000022718230090, 0x00000227182ec850, 0x00000227182ee500, 0x0000022732a2fe50,
0x0000022732a31b70, 0x0000022732a350e0, 0x0000022732a35ca0, 0x0000022732a36b90,
0x0000022732a3aa00, 0x0000022732bbf860, 0x0000022732cd0610, 0x0000022738bd31b0,
0x0000022739034940, 0x0000022738b38b50, 0x0000022738c94bd0, 0x0000022738c95b70,
0x0000022738c972e0, 0x0000022737b418f0, 0x0000022737b43830, 0x0000022737b44fa0,
0x0000022737b45770, 0x0000022737b44000, 0x000002273aadde50, 0x000002273a3b5140,
0x000002273a19f270, 0x0000022739299e30, 0x000002273929bd70, 0x000002273aadd680,
0x000002273aade620, 0x000002273aadf5c0, 0x0000022738c93c30, 0x0000022738c924c0,
0x0000022738c93460, 0x000002273929add0, 0x000002273929b5a0, 0x000002273929c540,
0x000002273929dcb0, 0x000002273a1a09e0, 0x000002273a1a11b0, 0x000002273a1a2150,
0x000002273a1a2920, 0x000002273a3b5910, 0x000002273a3b8020, 0x000002273aadceb0,
0x0000022732a47310, 0x000002273a595740, 0x000002273a5947a0, 0x000002273a595f10,
0x000002273a5966e0, 0x000002273a597680, 0x000002273c0a43d0
}

Java Threads: ( => current thread )
  0x0000022718230090 JavaThread "main"                              [_thread_blocked, id=18884, stack(0x000000cc1c100000,0x000000cc1c200000) (1024K)]
  0x00000227182ec850 JavaThread "Reference Handler"          daemon [_thread_blocked, id=4920, stack(0x000000cc1c900000,0x000000cc1ca00000) (1024K)]
  0x00000227182ee500 JavaThread "Finalizer"                  daemon [_thread_blocked, id=2268, stack(0x000000cc1ca00000,0x000000cc1cb00000) (1024K)]
  0x0000022732a2fe50 JavaThread "Signal Dispatcher"          daemon [_thread_blocked, id=8028, stack(0x000000cc1cb00000,0x000000cc1cc00000) (1024K)]
  0x0000022732a31b70 JavaThread "Attach Listener"            daemon [_thread_blocked, id=6448, stack(0x000000cc1cc00000,0x000000cc1cd00000) (1024K)]
  0x0000022732a350e0 JavaThread "Service Thread"             daemon [_thread_in_vm, id=9920, stack(0x000000cc1cd00000,0x000000cc1ce00000) (1024K)]
  0x0000022732a35ca0 JavaThread "Monitor Deflation Thread"   daemon [_thread_blocked, id=17412, stack(0x000000cc1ce00000,0x000000cc1cf00000) (1024K)]
=>0x0000022732a36b90 JavaThread "C2 CompilerThread0"         daemon [_thread_in_native, id=8680, stack(0x000000cc1cf00000,0x000000cc1d000000) (1024K)]
  0x0000022732a3aa00 JavaThread "C1 CompilerThread0"         daemon [_thread_blocked, id=21252, stack(0x000000cc1d000000,0x000000cc1d100000) (1024K)]
  0x0000022732bbf860 JavaThread "Common-Cleaner"             daemon [_thread_blocked, id=18940, stack(0x000000cc1d100000,0x000000cc1d200000) (1024K)]
  0x0000022732cd0610 JavaThread "Notification Thread"        daemon [_thread_blocked, id=20704, stack(0x000000cc1d200000,0x000000cc1d300000) (1024K)]
  0x0000022738bd31b0 JavaThread "Daemon health stats"               [_thread_blocked, id=8612, stack(0x000000cc1d600000,0x000000cc1d700000) (1024K)]
  0x0000022739034940 JavaThread "Incoming local TCP Connector on port 58567"        [_thread_in_native, id=8724, stack(0x000000cc1d700000,0x000000cc1d800000) (1024K)]
  0x0000022738b38b50 JavaThread "Daemon periodic checks"            [_thread_blocked, id=3588, stack(0x000000cc1d800000,0x000000cc1d900000) (1024K)]
  0x0000022738c94bd0 JavaThread "Cache worker for journal cache (C:\Users\poloa\.gradle\caches\journal-1)"        [_thread_blocked, id=12168, stack(0x000000cc1e000000,0x000000cc1e100000) (1024K)]
  0x0000022738c95b70 JavaThread "File lock request listener"        [_thread_in_native, id=4904, stack(0x000000cc1e100000,0x000000cc1e200000) (1024K)]
  0x0000022738c972e0 JavaThread "Cache worker for file hash cache (C:\Users\poloa\.gradle\caches\9.4.1\fileHashes)"        [_thread_blocked, id=8924, stack(0x000000cc1e200000,0x000000cc1e300000) (1024K)]
  0x0000022737b418f0 JavaThread "File watcher server"        daemon [_thread_in_native, id=7972, stack(0x000000cc1e500000,0x000000cc1e600000) (1024K)]
  0x0000022737b43830 JavaThread "File watcher consumer"      daemon [_thread_blocked, id=8852, stack(0x000000cc1e600000,0x000000cc1e700000) (1024K)]
  0x0000022737b44fa0 JavaThread "jar transforms"                    [_thread_blocked, id=10292, stack(0x000000cc1e700000,0x000000cc1e800000) (1024K)]
  0x0000022737b45770 JavaThread "jar transforms Thread 2"           [_thread_blocked, id=14772, stack(0x000000cc1e800000,0x000000cc1e900000) (1024K)]
  0x0000022737b44000 JavaThread "Cache worker for file content cache (C:\Users\poloa\.gradle\caches\9.4.1\fileContent)"        [_thread_blocked, id=12500, stack(0x000000cc1e900000,0x000000cc1ea00000) (1024K)]
  0x000002273aadde50 JavaThread "jar transforms Thread 3"           [_thread_blocked, id=8248, stack(0x000000cc1ed00000,0x000000cc1ee00000) (1024K)]
  0x000002273a3b5140 JavaThread "jar transforms Thread 4"           [_thread_blocked, id=21420, stack(0x000000cc1f000000,0x000000cc1f100000) (1024K)]
  0x000002273a19f270 JavaThread "Memory manager"                    [_thread_blocked, id=6996, stack(0x000000cc1f300000,0x000000cc1f400000) (1024K)]
  0x0000022739299e30 JavaThread "Daemon Thread 2"                   [_thread_blocked, id=17588, stack(0x000000cc1bf00000,0x000000cc1c000000) (1024K)]
  0x000002273929bd70 JavaThread "Daemon worker Thread 2"            [_thread_blocked, id=8176, stack(0x000000cc1da00000,0x000000cc1db00000) (1024K)]
  0x000002273aadd680 JavaThread "ForkJoinPool.commonPool-worker-4" daemon [_thread_blocked, id=20884, stack(0x000000cc1f100000,0x000000cc1f200000) (1024K)]
  0x000002273aade620 JavaThread "ForkJoinPool.commonPool-worker-5" daemon [_thread_blocked, id=20876, stack(0x000000cc1f200000,0x000000cc1f300000) (1024K)]
  0x000002273aadf5c0 JavaThread "ForkJoinPool.commonPool-worker-6" daemon [_thread_blocked, id=21288, stack(0x000000cc1f400000,0x000000cc1f500000) (1024K)]
  0x0000022738c93c30 JavaThread "VFS cleanup Thread 2"              [_thread_blocked, id=17468, stack(0x000000cc1db00000,0x000000cc1dc00000) (1024K)]
  0x0000022738c924c0 JavaThread "Handler for socket connection from /127.0.0.1:58567 to /127.0.0.1:56908"        [_thread_in_native, id=20796, stack(0x000000cc1dc00000,0x000000cc1dd00000) (1024K)]
  0x0000022738c93460 JavaThread "Cancel handler"                    [_thread_blocked, id=18812, stack(0x000000cc1dd00000,0x000000cc1de00000) (1024K)]
  0x000002273929add0 JavaThread "Asynchronous log dispatcher for DefaultDaemonConnection: socket connection from /127.0.0.1:58567 to /127.0.0.1:56908"        [_thread_blocked, id=20176, stack(0x000000cc1de00000,0x000000cc1df00000) (1024K)]
  0x000002273929b5a0 JavaThread "Stdin handler"                     [_thread_blocked, id=2580, stack(0x000000cc1df00000,0x000000cc1e000000) (1024K)]
  0x000002273929c540 JavaThread "Daemon client event forwarder"        [_thread_blocked, id=14244, stack(0x000000cc1e300000,0x000000cc1e400000) (1024K)]
  0x000002273929dcb0 JavaThread "Cache worker for file hash cache (C:\Users\poloa\OneDrive\Documents\EcommerceAPI\.gradle\9.4.1\fileHashes)"        [_thread_blocked, id=11136, stack(0x000000cc1e400000,0x000000cc1e500000) (1024K)]
  0x000002273a1a09e0 JavaThread "Cache worker for Build Output Cleanup Cache (C:\Users\poloa\OneDrive\Documents\EcommerceAPI\.gradle\buildOutputCleanup)"        [_thread_blocked, id=4476, stack(0x000000cc1ea00000,0x000000cc1eb00000) (1024K)]
  0x000002273a1a11b0 JavaThread "Cache worker for checksums cache (C:\Users\poloa\OneDrive\Documents\EcommerceAPI\.gradle\9.4.1\checksums)"        [_thread_blocked, id=6676, stack(0x000000cc1eb00000,0x000000cc1ec00000) (1024K)]
  0x000002273a1a2150 JavaThread "Cache worker for cache directory md-supplier (C:\Users\poloa\.gradle\caches\9.4.1\md-supplier)"        [_thread_blocked, id=6076, stack(0x000000cc1ec00000,0x000000cc1ed00000) (1024K)]
  0x000002273a1a2920 JavaThread "Cache worker for cache directory md-rule (C:\Users\poloa\.gradle\caches\9.4.1\md-rule)"        [_thread_blocked, id=10764, stack(0x000000cc1ee00000,0x000000cc1ef00000) (1024K)]
  0x000002273a3b5910 JavaThread "Build operations"                  [_thread_blocked, id=18536, stack(0x000000cc1ef00000,0x000000cc1f000000) (1024K)]
  0x000002273a3b8020 JavaThread "Build operations Thread 2"         [_thread_blocked, id=8740, stack(0x000000cc1f500000,0x000000cc1f600000) (1024K)]
  0x000002273aadceb0 JavaThread "Build operations Thread 3"         [_thread_blocked, id=20592, stack(0x000000cc1f600000,0x000000cc1f700000) (1024K)]
  0x0000022732a47310 JavaThread "Build operations Thread 4"         [_thread_blocked, id=18664, stack(0x000000cc1f700000,0x000000cc1f800000) (1024K)]
  0x000002273a595740 JavaThread "included builds"                   [_thread_blocked, id=15312, stack(0x000000cc1f800000,0x000000cc1f900000) (1024K)]
  0x000002273a5947a0 JavaThread "Execution worker"                  [_thread_blocked, id=8160, stack(0x000000cc1f900000,0x000000cc1fa00000) (1024K)]
  0x000002273a595f10 JavaThread "Execution worker Thread 2"         [_thread_blocked, id=16232, stack(0x000000cc1fa00000,0x000000cc1fb00000) (1024K)]
  0x000002273a5966e0 JavaThread "Execution worker Thread 3"         [_thread_blocked, id=17240, stack(0x000000cc1fb00000,0x000000cc1fc00000) (1024K)]
  0x000002273a597680 JavaThread "Cache worker for execution history cache (C:\Users\poloa\OneDrive\Documents\EcommerceAPI\.gradle\9.4.1\executionHistory)"        [_thread_blocked, id=18684, stack(0x000000cc1fc00000,0x000000cc1fd00000) (1024K)]
  0x000002273c0a43d0 JavaThread "Cache worker for Java compile cache (C:\Users\poloa\.gradle\caches\9.4.1\javaCompile)"        [_thread_in_native, id=12364, stack(0x000000cc1fd00000,0x000000cc1fe00000) (1024K)]
Total: 51

Other Threads:
  0x00000227182d4010 VMThread "VM Thread"                           [id=7848, stack(0x000000cc1c800000,0x000000cc1c900000) (1024K)]
  0x0000022732a2c0d0 WatcherThread "VM Periodic Task Thread"        [id=7404, stack(0x000000cc1c700000,0x000000cc1c800000) (1024K)]
  0x00000227182617d0 WorkerThread "GC Thread#0"                     [id=19428, stack(0x000000cc1c200000,0x000000cc1c300000) (1024K)]
  0x0000022737ca2910 WorkerThread "GC Thread#1"                     [id=7284, stack(0x000000cc1d300000,0x000000cc1d400000) (1024K)]
  0x0000022737ca2d40 WorkerThread "GC Thread#2"                     [id=7252, stack(0x000000cc1d400000,0x000000cc1d500000) (1024K)]
  0x0000022737c7e6d0 WorkerThread "GC Thread#3"                     [id=6920, stack(0x000000cc1d500000,0x000000cc1d600000) (1024K)]
  0x00000227182688a0 ConcurrentGCThread "G1 Main Marker"            [id=496, stack(0x000000cc1c300000,0x000000cc1c400000) (1024K)]
  0x000002271826b340 WorkerThread "G1 Conc#0"                       [id=21060, stack(0x000000cc1c400000,0x000000cc1c500000) (1024K)]
  0x00000227182ad9a0 ConcurrentGCThread "G1 Refine#0"               [id=7660, stack(0x000000cc1c500000,0x000000cc1c600000) (1024K)]
  0x00000227182af400 ConcurrentGCThread "G1 Service"                [id=19640, stack(0x000000cc1c600000,0x000000cc1c700000) (1024K)]
Total: 10

Threads with active compile tasks:
C2 CompilerThread0  343455 15742       4       org.gradle.api.internal.tasks.compile.incremental.compilerapi.deps.DependentSetSerializer::read (198 bytes)
Total: 1

VM state: not at safepoint (normal execution)

VM Mutex/Monitor currently owned by a thread: None

Heap address: 0x00000000e0000000, size: 512 MB, Compressed Oops mode: 32-bit

CDS archive(s) mapped at: [0x0000000095000000-0x0000000095dd0000-0x0000000095dd0000), size 14483456, SharedBaseAddress: 0x0000000095000000, ArchiveRelocationMode: 1.
Compressed class space mapped at: 0x0000000096000000-0x00000000aa000000, reserved size: 335544320
UseCompressedClassPointers 1, UseCompactObjectHeaders 0
Narrow klass pointer bits 32, Max shift 3
Narrow klass base: 0x0000000095000000, Narrow klass shift: 0
Encoding Range: [0x0000000095000000 - 0x0000000195000000), (4294967296 bytes)
Klass Range:    [0x0000000095010000 - 0x00000000aa000000), (352256000 bytes)
Klass ID Range:  [65536 - 352321529) (352255993)
Protection zone: [0x0000000095000000 - 0x0000000095010000), (65536 bytes)

GC Precious Log:
 CardTable entry size: 512
 Card Set container configuration: InlinePtr #cards 5 size 8 Array Of Cards #cards 10 size 36 Howl #buckets 4 coarsen threshold 1843 Howl Bitmap #cards 512 size 80 coarsen threshold 460 Card regions per heap region 1 cards per card region 2048
 CPUs: 4 total, 4 available
 Memory: 3863M
 Large Page Support: Disabled
 NUMA Support: Disabled
 Compressed Oops: Enabled (32-bit)
 Heap Region Size: 1M
 Heap Min Capacity: 256M
 Heap Initial Capacity: 256M
 Heap Max Capacity: 512M
 Pre-touch: Disabled
 Parallel Workers: 4
 Concurrent Workers: 1
 Concurrent Refinement Workers: 4
 Periodic GC: Disabled

Heap:
 garbage-first heap   total reserved 524288K, committed 262144K, used 80492K [0x00000000e0000000, 0x0000000100000000)
  region size 1024K, 22 young (22528K), 20 survivors (20480K)

Heap Regions: E=young(eden), S=young(survivor), O=old, HS=humongous(starts), HC=humongous(continues), CS=collection set, F=free, TAMS=top-at-mark-start, PB=parsable bottom
|   0|0x00000000e0000000, 0x00000000e0100000, 0x00000000e0100000|100%|HS|  |TAMS 0x00000000e0000000| PB 0x00000000e0000000| Complete |  0
|   1|0x00000000e0100000, 0x00000000e0200000, 0x00000000e0200000|100%|HC|  |TAMS 0x00000000e0100000| PB 0x00000000e0100000| Complete |  0
|   2|0x00000000e0200000, 0x00000000e0300000, 0x00000000e0300000|100%|HC|  |TAMS 0x00000000e0200000| PB 0x00000000e0200000| Complete |  0
|   3|0x00000000e0300000, 0x00000000e0400000, 0x00000000e0400000|100%|HC|  |TAMS 0x00000000e0300000| PB 0x00000000e0300000| Complete |  0
|   4|0x00000000e0400000, 0x00000000e0500000, 0x00000000e0500000|100%| O|  |TAMS 0x00000000e0400000| PB 0x00000000e0400000| Untracked |  0
|   5|0x00000000e0500000, 0x00000000e0600000, 0x00000000e0600000|100%| O|  |TAMS 0x00000000e0500000| PB 0x00000000e0500000| Untracked |  0
|   6|0x00000000e0600000, 0x00000000e0700000, 0x00000000e0700000|100%| O|  |TAMS 0x00000000e0600000| PB 0x00000000e0600000| Untracked |  0
|   7|0x00000000e0700000, 0x00000000e0800000, 0x00000000e0800000|100%|HS|  |TAMS 0x00000000e0700000| PB 0x00000000e0700000| Complete |  0
|   8|0x00000000e0800000, 0x00000000e0900000, 0x00000000e0900000|100%| O|  |TAMS 0x00000000e0800000| PB 0x00000000e0800000| Untracked |  0
|   9|0x00000000e0900000, 0x00000000e0a00000, 0x00000000e0a00000|100%| O|  |TAMS 0x00000000e0900000| PB 0x00000000e0900000| Untracked |  0
|  10|0x00000000e0a00000, 0x00000000e0b00000, 0x00000000e0b00000|100%| O|  |TAMS 0x00000000e0a00000| PB 0x00000000e0a00000| Untracked |  0
|  11|0x00000000e0b00000, 0x00000000e0c00000, 0x00000000e0c00000|100%| O|  |TAMS 0x00000000e0b00000| PB 0x00000000e0b00000| Untracked |  0
|  12|0x00000000e0c00000, 0x00000000e0d00000, 0x00000000e0d00000|100%| O|  |TAMS 0x00000000e0c00000| PB 0x00000000e0c00000| Untracked |  0
|  13|0x00000000e0d00000, 0x00000000e0e00000, 0x00000000e0e00000|100%| O|  |TAMS 0x00000000e0d00000| PB 0x00000000e0d00000| Untracked |  0
|  14|0x00000000e0e00000, 0x00000000e0f00000, 0x00000000e0f00000|100%| O|  |TAMS 0x00000000e0e00000| PB 0x00000000e0e00000| Untracked |  0
|  15|0x00000000e0f00000, 0x00000000e1000000, 0x00000000e1000000|100%| O|  |TAMS 0x00000000e0f00000| PB 0x00000000e0f00000| Untracked |  0
|  16|0x00000000e1000000, 0x00000000e1100000, 0x00000000e1100000|100%| O|  |TAMS 0x00000000e1000000| PB 0x00000000e1000000| Untracked |  0
|  17|0x00000000e1100000, 0x00000000e1200000, 0x00000000e1200000|100%| O|  |TAMS 0x00000000e1100000| PB 0x00000000e1100000| Untracked |  0
|  18|0x00000000e1200000, 0x00000000e1300000, 0x00000000e1300000|100%| O|  |TAMS 0x00000000e1200000| PB 0x00000000e1200000| Untracked |  0
|  19|0x00000000e1300000, 0x00000000e1400000, 0x00000000e1400000|100%| O|  |TAMS 0x00000000e1300000| PB 0x00000000e1300000| Untracked |  0
|  20|0x00000000e1400000, 0x00000000e1500000, 0x00000000e1500000|100%| O|  |TAMS 0x00000000e1400000| PB 0x00000000e1400000| Untracked |  0
|  21|0x00000000e1500000, 0x00000000e1600000, 0x00000000e1600000|100%| O|  |TAMS 0x00000000e1500000| PB 0x00000000e1500000| Untracked |  0
|  22|0x00000000e1600000, 0x00000000e1700000, 0x00000000e1700000|100%| O|  |TAMS 0x00000000e1600000| PB 0x00000000e1600000| Untracked |  0
|  23|0x00000000e1700000, 0x00000000e1700000, 0x00000000e1800000|  0%| F|  |TAMS 0x00000000e1700000| PB 0x00000000e1700000| Untracked |  0
|  24|0x00000000e1800000, 0x00000000e1900000, 0x00000000e1900000|100%| O|  |TAMS 0x00000000e1800000| PB 0x00000000e1800000| Untracked |  0
|  25|0x00000000e1900000, 0x00000000e1a00000, 0x00000000e1a00000|100%| O|  |TAMS 0x00000000e1900000| PB 0x00000000e1900000| Untracked |  0
|  26|0x00000000e1a00000, 0x00000000e1b00000, 0x00000000e1b00000|100%| O|  |TAMS 0x00000000e1a00000| PB 0x00000000e1a00000| Untracked |  0
|  27|0x00000000e1b00000, 0x00000000e1c00000, 0x00000000e1c00000|100%| O|  |TAMS 0x00000000e1b00000| PB 0x00000000e1b00000| Untracked |  0
|  28|0x00000000e1c00000, 0x00000000e1d00000, 0x00000000e1d00000|100%| O|  |TAMS 0x00000000e1c00000| PB 0x00000000e1c00000| Untracked |  0
|  29|0x00000000e1d00000, 0x00000000e1e00000, 0x00000000e1e00000|100%| O|  |TAMS 0x00000000e1d00000| PB 0x00000000e1d00000| Untracked |  0
|  30|0x00000000e1e00000, 0x00000000e1f00000, 0x00000000e1f00000|100%| O|  |TAMS 0x00000000e1e00000| PB 0x00000000e1e00000| Untracked |  0
|  31|0x00000000e1f00000, 0x00000000e2000000, 0x00000000e2000000|100%| O|  |TAMS 0x00000000e1f00000| PB 0x00000000e1f00000| Untracked |  0
|  32|0x00000000e2000000, 0x00000000e2100000, 0x00000000e2100000|100%| O|  |TAMS 0x00000000e2000000| PB 0x00000000e2000000| Untracked |  0
|  33|0x00000000e2100000, 0x00000000e2200000, 0x00000000e2200000|100%| O|  |TAMS 0x00000000e2100000| PB 0x00000000e2100000| Untracked |  0
|  34|0x00000000e2200000, 0x00000000e2300000, 0x00000000e2300000|100%| O|  |TAMS 0x00000000e2200000| PB 0x00000000e2200000| Untracked |  0
|  35|0x00000000e2300000, 0x00000000e2400000, 0x00000000e2400000|100%| O|  |TAMS 0x00000000e2300000| PB 0x00000000e2300000| Untracked |  0
|  36|0x00000000e2400000, 0x00000000e2500000, 0x00000000e2500000|100%| O|  |TAMS 0x00000000e2400000| PB 0x00000000e2400000| Untracked |  0
|  37|0x00000000e2500000, 0x00000000e2600000, 0x00000000e2600000|100%| O|  |TAMS 0x00000000e2500000| PB 0x00000000e2500000| Untracked |  0
|  38|0x00000000e2600000, 0x00000000e2700000, 0x00000000e2700000|100%| O|  |TAMS 0x00000000e2600000| PB 0x00000000e2600000| Untracked |  0
|  39|0x00000000e2700000, 0x00000000e2800000, 0x00000000e2800000|100%| O|  |TAMS 0x00000000e2700000| PB 0x00000000e2700000| Untracked |  0
|  40|0x00000000e2800000, 0x00000000e2900000, 0x00000000e2900000|100%| O|  |TAMS 0x00000000e2800000| PB 0x00000000e2800000| Untracked |  0
|  41|0x00000000e2900000, 0x00000000e2a00000, 0x00000000e2a00000|100%| O|  |TAMS 0x00000000e2900000| PB 0x00000000e2900000| Untracked |  0
|  42|0x00000000e2a00000, 0x00000000e2b00000, 0x00000000e2b00000|100%| O|  |TAMS 0x00000000e2a00000| PB 0x00000000e2a00000| Untracked |  0
|  43|0x00000000e2b00000, 0x00000000e2c00000, 0x00000000e2c00000|100%| O|  |TAMS 0x00000000e2b00000| PB 0x00000000e2b00000| Untracked |  0
|  44|0x00000000e2c00000, 0x00000000e2d00000, 0x00000000e2d00000|100%| O|  |TAMS 0x00000000e2c00000| PB 0x00000000e2c00000| Untracked |  0
|  45|0x00000000e2d00000, 0x00000000e2e00000, 0x00000000e2e00000|100%| O|  |TAMS 0x00000000e2d00000| PB 0x00000000e2d00000| Untracked |  0
|  46|0x00000000e2e00000, 0x00000000e2f00000, 0x00000000e2f00000|100%| O|  |TAMS 0x00000000e2e00000| PB 0x00000000e2e00000| Untracked |  0
|  47|0x00000000e2f00000, 0x00000000e3000000, 0x00000000e3000000|100%| O|Cm|TAMS 0x00000000e2f00000| PB 0x00000000e2f00000| Complete |  0
|  48|0x00000000e3000000, 0x00000000e3100000, 0x00000000e3100000|100%| O|  |TAMS 0x00000000e3000000| PB 0x00000000e3000000| Untracked |  0
|  49|0x00000000e3100000, 0x00000000e3200000, 0x00000000e3200000|100%| O|  |TAMS 0x00000000e3100000| PB 0x00000000e3100000| Untracked |  0
|  50|0x00000000e3200000, 0x00000000e3300000, 0x00000000e3300000|100%| O|  |TAMS 0x00000000e3200000| PB 0x00000000e3200000| Untracked |  0
|  51|0x00000000e3300000, 0x00000000e3400000, 0x00000000e3400000|100%| O|  |TAMS 0x00000000e3300000| PB 0x00000000e3300000| Untracked |  0
|  52|0x00000000e3400000, 0x00000000e3500000, 0x00000000e3500000|100%| O|  |TAMS 0x00000000e3400000| PB 0x00000000e3400000| Untracked |  0
|  53|0x00000000e3500000, 0x00000000e3500000, 0x00000000e3600000|  0%| F|  |TAMS 0x00000000e3500000| PB 0x00000000e3500000| Untracked |  0
|  54|0x00000000e3600000, 0x00000000e3700000, 0x00000000e3700000|100%|HS|  |TAMS 0x00000000e3600000| PB 0x00000000e3600000| Complete |  0
|  55|0x00000000e3700000, 0x00000000e3800000, 0x00000000e3800000|100%|HS|  |TAMS 0x00000000e3700000| PB 0x00000000e3700000| Complete |  0
|  56|0x00000000e3800000, 0x00000000e3900000, 0x00000000e3900000|100%| O|  |TAMS 0x00000000e3800000| PB 0x00000000e3800000| Untracked |  0
|  57|0x00000000e3900000, 0x00000000e3a00000, 0x00000000e3a00000|100%| O|  |TAMS 0x00000000e3900000| PB 0x00000000e3900000| Untracked |  0
|  58|0x00000000e3a00000, 0x00000000e3a9b1e0, 0x00000000e3b00000| 60%| O|  |TAMS 0x00000000e3a00000| PB 0x00000000e3a00000| Untracked |  0
|  59|0x00000000e3b00000, 0x00000000e3b00000, 0x00000000e3c00000|  0%| F|  |TAMS 0x00000000e3b00000| PB 0x00000000e3b00000| Untracked |  0
|  60|0x00000000e3c00000, 0x00000000e3c00000, 0x00000000e3d00000|  0%| F|  |TAMS 0x00000000e3c00000| PB 0x00000000e3c00000| Untracked |  0
|  61|0x00000000e3d00000, 0x00000000e3d00000, 0x00000000e3e00000|  0%| F|  |TAMS 0x00000000e3d00000| PB 0x00000000e3d00000| Untracked |  0
|  62|0x00000000e3e00000, 0x00000000e3e00000, 0x00000000e3f00000|  0%| F|  |TAMS 0x00000000e3e00000| PB 0x00000000e3e00000| Untracked |  0
|  63|0x00000000e3f00000, 0x00000000e3f00000, 0x00000000e4000000|  0%| F|  |TAMS 0x00000000e3f00000| PB 0x00000000e3f00000| Untracked |  0
|  64|0x00000000e4000000, 0x00000000e4000000, 0x00000000e4100000|  0%| F|  |TAMS 0x00000000e4000000| PB 0x00000000e4000000| Untracked |  0
|  65|0x00000000e4100000, 0x00000000e4100000, 0x00000000e4200000|  0%| F|  |TAMS 0x00000000e4100000| PB 0x00000000e4100000| Untracked |  0
|  66|0x00000000e4200000, 0x00000000e4200000, 0x00000000e4300000|  0%| F|  |TAMS 0x00000000e4200000| PB 0x00000000e4200000| Untracked |  0
|  67|0x00000000e4300000, 0x00000000e4300000, 0x00000000e4400000|  0%| F|  |TAMS 0x00000000e4300000| PB 0x00000000e4300000| Untracked |  0
|  68|0x00000000e4400000, 0x00000000e4400000, 0x00000000e4500000|  0%| F|  |TAMS 0x00000000e4400000| PB 0x00000000e4400000| Untracked |  0
|  69|0x00000000e4500000, 0x00000000e4500000, 0x00000000e4600000|  0%| F|  |TAMS 0x00000000e4500000| PB 0x00000000e4500000| Untracked |  0
|  70|0x00000000e4600000, 0x00000000e4600000, 0x00000000e4700000|  0%| F|  |TAMS 0x00000000e4600000| PB 0x00000000e4600000| Untracked |  0
|  71|0x00000000e4700000, 0x00000000e4700000, 0x00000000e4800000|  0%| F|  |TAMS 0x00000000e4700000| PB 0x00000000e4700000| Untracked |  0
|  72|0x00000000e4800000, 0x00000000e4800000, 0x00000000e4900000|  0%| F|  |TAMS 0x00000000e4800000| PB 0x00000000e4800000| Untracked |  0
|  73|0x00000000e4900000, 0x00000000e4900000, 0x00000000e4a00000|  0%| F|  |TAMS 0x00000000e4900000| PB 0x00000000e4900000| Untracked |  0
|  74|0x00000000e4a00000, 0x00000000e4a00000, 0x00000000e4b00000|  0%| F|  |TAMS 0x00000000e4a00000| PB 0x00000000e4a00000| Untracked |  0
|  75|0x00000000e4b00000, 0x00000000e4b00000, 0x00000000e4c00000|  0%| F|  |TAMS 0x00000000e4b00000| PB 0x00000000e4b00000| Untracked |  0
|  76|0x00000000e4c00000, 0x00000000e4c00000, 0x00000000e4d00000|  0%| F|  |TAMS 0x00000000e4c00000| PB 0x00000000e4c00000| Untracked |  0
|  77|0x00000000e4d00000, 0x00000000e4d00000, 0x00000000e4e00000|  0%| F|  |TAMS 0x00000000e4d00000| PB 0x00000000e4d00000| Untracked |  0
|  78|0x00000000e4e00000, 0x00000000e4e00000, 0x00000000e4f00000|  0%| F|  |TAMS 0x00000000e4e00000| PB 0x00000000e4e00000| Untracked |  0
|  79|0x00000000e4f00000, 0x00000000e4f00000, 0x00000000e5000000|  0%| F|  |TAMS 0x00000000e4f00000| PB 0x00000000e4f00000| Untracked |  0
|  80|0x00000000e5000000, 0x00000000e5000000, 0x00000000e5100000|  0%| F|  |TAMS 0x00000000e5000000| PB 0x00000000e5000000| Untracked |  0
|  81|0x00000000e5100000, 0x00000000e5100000, 0x00000000e5200000|  0%| F|  |TAMS 0x00000000e5100000| PB 0x00000000e5100000| Untracked |  0
|  82|0x00000000e5200000, 0x00000000e5300000, 0x00000000e5300000|100%| S|CS|TAMS 0x00000000e5200000| PB 0x00000000e5200000| Complete |  0
|  83|0x00000000e5300000, 0x00000000e5400000, 0x00000000e5400000|100%| S|CS|TAMS 0x00000000e5300000| PB 0x00000000e5300000| Complete |  0
|  84|0x00000000e5400000, 0x00000000e5500000, 0x00000000e5500000|100%| S|CS|TAMS 0x00000000e5400000| PB 0x00000000e5400000| Complete |  0
|  85|0x00000000e5500000, 0x00000000e5600000, 0x00000000e5600000|100%| S|CS|TAMS 0x00000000e5500000| PB 0x00000000e5500000| Complete |  0
|  86|0x00000000e5600000, 0x00000000e5700000, 0x00000000e5700000|100%| S|CS|TAMS 0x00000000e5600000| PB 0x00000000e5600000| Complete |  0
|  87|0x00000000e5700000, 0x00000000e5800000, 0x00000000e5800000|100%| S|CS|TAMS 0x00000000e5700000| PB 0x00000000e5700000| Complete |  0
|  88|0x00000000e5800000, 0x00000000e5900000, 0x00000000e5900000|100%| S|CS|TAMS 0x00000000e5800000| PB 0x00000000e5800000| Complete |  0
|  89|0x00000000e5900000, 0x00000000e5a00000, 0x00000000e5a00000|100%| S|CS|TAMS 0x00000000e5900000| PB 0x00000000e5900000| Complete |  0
|  90|0x00000000e5a00000, 0x00000000e5b00000, 0x00000000e5b00000|100%| S|CS|TAMS 0x00000000e5a00000| PB 0x00000000e5a00000| Complete |  0
|  91|0x00000000e5b00000, 0x00000000e5c00000, 0x00000000e5c00000|100%| S|CS|TAMS 0x00000000e5b00000| PB 0x00000000e5b00000| Complete |  0
|  92|0x00000000e5c00000, 0x00000000e5d00000, 0x00000000e5d00000|100%| S|CS|TAMS 0x00000000e5c00000| PB 0x00000000e5c00000| Complete |  0
|  93|0x00000000e5d00000, 0x00000000e5e00000, 0x00000000e5e00000|100%| S|CS|TAMS 0x00000000e5d00000| PB 0x00000000e5d00000| Complete |  0
|  94|0x00000000e5e00000, 0x00000000e5f00000, 0x00000000e5f00000|100%| S|CS|TAMS 0x00000000e5e00000| PB 0x00000000e5e00000| Complete |  0
|  95|0x00000000e5f00000, 0x00000000e6000000, 0x00000000e6000000|100%| S|CS|TAMS 0x00000000e5f00000| PB 0x00000000e5f00000| Complete |  0
|  96|0x00000000e6000000, 0x00000000e6100000, 0x00000000e6100000|100%| S|CS|TAMS 0x00000000e6000000| PB 0x00000000e6000000| Complete |  0
|  97|0x00000000e6100000, 0x00000000e6200000, 0x00000000e6200000|100%| S|CS|TAMS 0x00000000e6100000| PB 0x00000000e6100000| Complete |  0
|  98|0x00000000e6200000, 0x00000000e6300000, 0x00000000e6300000|100%| S|CS|TAMS 0x00000000e6200000| PB 0x00000000e6200000| Complete |  0
|  99|0x00000000e6300000, 0x00000000e6400000, 0x00000000e6400000|100%| S|CS|TAMS 0x00000000e6300000| PB 0x00000000e6300000| Complete |  0
| 100|0x00000000e6400000, 0x00000000e6500000, 0x00000000e6500000|100%| S|CS|TAMS 0x00000000e6400000| PB 0x00000000e6400000| Complete |  0
| 101|0x00000000e6500000, 0x00000000e6600000, 0x00000000e6600000|100%| S|CS|TAMS 0x00000000e6500000| PB 0x00000000e6500000| Complete |  0
| 102|0x00000000e6600000, 0x00000000e6600000, 0x00000000e6700000|  0%| F|  |TAMS 0x00000000e6600000| PB 0x00000000e6600000| Untracked |  0
| 103|0x00000000e6700000, 0x00000000e6700000, 0x00000000e6800000|  0%| F|  |TAMS 0x00000000e6700000| PB 0x00000000e6700000| Untracked |  0
| 104|0x00000000e6800000, 0x00000000e6800000, 0x00000000e6900000|  0%| F|  |TAMS 0x00000000e6800000| PB 0x00000000e6800000| Untracked |  0
| 105|0x00000000e6900000, 0x00000000e6900000, 0x00000000e6a00000|  0%| F|  |TAMS 0x00000000e6900000| PB 0x00000000e6900000| Untracked |  0
| 106|0x00000000e6a00000, 0x00000000e6a00000, 0x00000000e6b00000|  0%| F|  |TAMS 0x00000000e6a00000| PB 0x00000000e6a00000| Untracked |  0
| 107|0x00000000e6b00000, 0x00000000e6b00000, 0x00000000e6c00000|  0%| F|  |TAMS 0x00000000e6b00000| PB 0x00000000e6b00000| Untracked |  0
| 108|0x00000000e6c00000, 0x00000000e6c00000, 0x00000000e6d00000|  0%| F|  |TAMS 0x00000000e6c00000| PB 0x00000000e6c00000| Untracked |  0
| 109|0x00000000e6d00000, 0x00000000e6d00000, 0x00000000e6e00000|  0%| F|  |TAMS 0x00000000e6d00000| PB 0x00000000e6d00000| Untracked |  0
| 110|0x00000000e6e00000, 0x00000000e6e00000, 0x00000000e6f00000|  0%| F|  |TAMS 0x00000000e6e00000| PB 0x00000000e6e00000| Untracked |  0
| 111|0x00000000e6f00000, 0x00000000e6f00000, 0x00000000e7000000|  0%| F|  |TAMS 0x00000000e6f00000| PB 0x00000000e6f00000| Untracked |  0
| 112|0x00000000e7000000, 0x00000000e7000000, 0x00000000e7100000|  0%| F|  |TAMS 0x00000000e7000000| PB 0x00000000e7000000| Untracked |  0
| 113|0x00000000e7100000, 0x00000000e7100000, 0x00000000e7200000|  0%| F|  |TAMS 0x00000000e7100000| PB 0x00000000e7100000| Untracked |  0
| 114|0x00000000e7200000, 0x00000000e7200000, 0x00000000e7300000|  0%| F|  |TAMS 0x00000000e7200000| PB 0x00000000e7200000| Untracked |  0
| 115|0x00000000e7300000, 0x00000000e7300000, 0x00000000e7400000|  0%| F|  |TAMS 0x00000000e7300000| PB 0x00000000e7300000| Untracked |  0
| 116|0x00000000e7400000, 0x00000000e7400000, 0x00000000e7500000|  0%| F|  |TAMS 0x00000000e7400000| PB 0x00000000e7400000| Untracked |  0
| 117|0x00000000e7500000, 0x00000000e7500000, 0x00000000e7600000|  0%| F|  |TAMS 0x00000000e7500000| PB 0x00000000e7500000| Untracked |  0
| 118|0x00000000e7600000, 0x00000000e7600000, 0x00000000e7700000|  0%| F|  |TAMS 0x00000000e7600000| PB 0x00000000e7600000| Untracked |  0
| 119|0x00000000e7700000, 0x00000000e7700000, 0x00000000e7800000|  0%| F|  |TAMS 0x00000000e7700000| PB 0x00000000e7700000| Untracked |  0
| 120|0x00000000e7800000, 0x00000000e7800000, 0x00000000e7900000|  0%| F|  |TAMS 0x00000000e7800000| PB 0x00000000e7800000| Untracked |  0
| 121|0x00000000e7900000, 0x00000000e7900000, 0x00000000e7a00000|  0%| F|  |TAMS 0x00000000e7900000| PB 0x00000000e7900000| Untracked |  0
| 122|0x00000000e7a00000, 0x00000000e7a00000, 0x00000000e7b00000|  0%| F|  |TAMS 0x00000000e7a00000| PB 0x00000000e7a00000| Untracked |  0
| 123|0x00000000e7b00000, 0x00000000e7b00000, 0x00000000e7c00000|  0%| F|  |TAMS 0x00000000e7b00000| PB 0x00000000e7b00000| Untracked |  0
| 124|0x00000000e7c00000, 0x00000000e7c00000, 0x00000000e7d00000|  0%| F|  |TAMS 0x00000000e7c00000| PB 0x00000000e7c00000| Untracked |  0
| 125|0x00000000e7d00000, 0x00000000e7d00000, 0x00000000e7e00000|  0%| F|  |TAMS 0x00000000e7d00000| PB 0x00000000e7d00000| Untracked |  0
| 126|0x00000000e7e00000, 0x00000000e7e00000, 0x00000000e7f00000|  0%| F|  |TAMS 0x00000000e7e00000| PB 0x00000000e7e00000| Untracked |  0
| 127|0x00000000e7f00000, 0x00000000e7f00000, 0x00000000e8000000|  0%| F|  |TAMS 0x00000000e7f00000| PB 0x00000000e7f00000| Untracked |  0
| 128|0x00000000e8000000, 0x00000000e8000000, 0x00000000e8100000|  0%| F|  |TAMS 0x00000000e8000000| PB 0x00000000e8000000| Untracked |  0
| 129|0x00000000e8100000, 0x00000000e8100000, 0x00000000e8200000|  0%| F|  |TAMS 0x00000000e8100000| PB 0x00000000e8100000| Untracked |  0
| 130|0x00000000e8200000, 0x00000000e8200000, 0x00000000e8300000|  0%| F|  |TAMS 0x00000000e8200000| PB 0x00000000e8200000| Untracked |  0
| 131|0x00000000e8300000, 0x00000000e8300000, 0x00000000e8400000|  0%| F|  |TAMS 0x00000000e8300000| PB 0x00000000e8300000| Untracked |  0
| 132|0x00000000e8400000, 0x00000000e8400000, 0x00000000e8500000|  0%| F|  |TAMS 0x00000000e8400000| PB 0x00000000e8400000| Untracked |  0
| 133|0x00000000e8500000, 0x00000000e8500000, 0x00000000e8600000|  0%| F|  |TAMS 0x00000000e8500000| PB 0x00000000e8500000| Untracked |  0
| 134|0x00000000e8600000, 0x00000000e8600000, 0x00000000e8700000|  0%| F|  |TAMS 0x00000000e8600000| PB 0x00000000e8600000| Untracked |  0
| 135|0x00000000e8700000, 0x00000000e8700000, 0x00000000e8800000|  0%| F|  |TAMS 0x00000000e8700000| PB 0x00000000e8700000| Untracked |  0
| 136|0x00000000e8800000, 0x00000000e8800000, 0x00000000e8900000|  0%| F|  |TAMS 0x00000000e8800000| PB 0x00000000e8800000| Untracked |  0
| 137|0x00000000e8900000, 0x00000000e8900000, 0x00000000e8a00000|  0%| F|  |TAMS 0x00000000e8900000| PB 0x00000000e8900000| Untracked |  0
| 138|0x00000000e8a00000, 0x00000000e8a00000, 0x00000000e8b00000|  0%| F|  |TAMS 0x00000000e8a00000| PB 0x00000000e8a00000| Untracked |  0
| 139|0x00000000e8b00000, 0x00000000e8b00000, 0x00000000e8c00000|  0%| F|  |TAMS 0x00000000e8b00000| PB 0x00000000e8b00000| Untracked |  0
| 140|0x00000000e8c00000, 0x00000000e8c00000, 0x00000000e8d00000|  0%| F|  |TAMS 0x00000000e8c00000| PB 0x00000000e8c00000| Untracked |  0
| 141|0x00000000e8d00000, 0x00000000e8d00000, 0x00000000e8e00000|  0%| F|  |TAMS 0x00000000e8d00000| PB 0x00000000e8d00000| Untracked |  0
| 142|0x00000000e8e00000, 0x00000000e8e00000, 0x00000000e8f00000|  0%| F|  |TAMS 0x00000000e8e00000| PB 0x00000000e8e00000| Untracked |  0
| 143|0x00000000e8f00000, 0x00000000e8f00000, 0x00000000e9000000|  0%| F|  |TAMS 0x00000000e8f00000| PB 0x00000000e8f00000| Untracked |  0
| 144|0x00000000e9000000, 0x00000000e9000000, 0x00000000e9100000|  0%| F|  |TAMS 0x00000000e9000000| PB 0x00000000e9000000| Untracked |  0
| 145|0x00000000e9100000, 0x00000000e9100000, 0x00000000e9200000|  0%| F|  |TAMS 0x00000000e9100000| PB 0x00000000e9100000| Untracked |  0
| 146|0x00000000e9200000, 0x00000000e9200000, 0x00000000e9300000|  0%| F|  |TAMS 0x00000000e9200000| PB 0x00000000e9200000| Untracked |  0
| 147|0x00000000e9300000, 0x00000000e9300000, 0x00000000e9400000|  0%| F|  |TAMS 0x00000000e9300000| PB 0x00000000e9300000| Untracked |  0
| 148|0x00000000e9400000, 0x00000000e9400000, 0x00000000e9500000|  0%| F|  |TAMS 0x00000000e9400000| PB 0x00000000e9400000| Untracked |  0
| 149|0x00000000e9500000, 0x00000000e9500000, 0x00000000e9600000|  0%| F|  |TAMS 0x00000000e9500000| PB 0x00000000e9500000| Untracked |  0
| 150|0x00000000e9600000, 0x00000000e9600000, 0x00000000e9700000|  0%| F|  |TAMS 0x00000000e9600000| PB 0x00000000e9600000| Untracked |  0
| 151|0x00000000e9700000, 0x00000000e9700000, 0x00000000e9800000|  0%| F|  |TAMS 0x00000000e9700000| PB 0x00000000e9700000| Untracked |  0
| 152|0x00000000e9800000, 0x00000000e9800000, 0x00000000e9900000|  0%| F|  |TAMS 0x00000000e9800000| PB 0x00000000e9800000| Untracked |  0
| 153|0x00000000e9900000, 0x00000000e9900000, 0x00000000e9a00000|  0%| F|  |TAMS 0x00000000e9900000| PB 0x00000000e9900000| Untracked |  0
| 154|0x00000000e9a00000, 0x00000000e9a00000, 0x00000000e9b00000|  0%| F|  |TAMS 0x00000000e9a00000| PB 0x00000000e9a00000| Untracked |  0
| 155|0x00000000e9b00000, 0x00000000e9b00000, 0x00000000e9c00000|  0%| F|  |TAMS 0x00000000e9b00000| PB 0x00000000e9b00000| Untracked |  0
| 156|0x00000000e9c00000, 0x00000000e9c00000, 0x00000000e9d00000|  0%| F|  |TAMS 0x00000000e9c00000| PB 0x00000000e9c00000| Untracked |  0
| 157|0x00000000e9d00000, 0x00000000e9d00000, 0x00000000e9e00000|  0%| F|  |TAMS 0x00000000e9d00000| PB 0x00000000e9d00000| Untracked |  0
| 158|0x00000000e9e00000, 0x00000000e9e00000, 0x00000000e9f00000|  0%| F|  |TAMS 0x00000000e9e00000| PB 0x00000000e9e00000| Untracked |  0
| 159|0x00000000e9f00000, 0x00000000e9f00000, 0x00000000ea000000|  0%| F|  |TAMS 0x00000000e9f00000| PB 0x00000000e9f00000| Untracked |  0
| 160|0x00000000ea000000, 0x00000000ea000000, 0x00000000ea100000|  0%| F|  |TAMS 0x00000000ea000000| PB 0x00000000ea000000| Untracked |  0
| 161|0x00000000ea100000, 0x00000000ea100000, 0x00000000ea200000|  0%| F|  |TAMS 0x00000000ea100000| PB 0x00000000ea100000| Untracked |  0
| 162|0x00000000ea200000, 0x00000000ea200000, 0x00000000ea300000|  0%| F|  |TAMS 0x00000000ea200000| PB 0x00000000ea200000| Untracked |  0
| 163|0x00000000ea300000, 0x00000000ea300000, 0x00000000ea400000|  0%| F|  |TAMS 0x00000000ea300000| PB 0x00000000ea300000| Untracked |  0
| 164|0x00000000ea400000, 0x00000000ea400000, 0x00000000ea500000|  0%| F|  |TAMS 0x00000000ea400000| PB 0x00000000ea400000| Untracked |  0
| 165|0x00000000ea500000, 0x00000000ea500000, 0x00000000ea600000|  0%| F|  |TAMS 0x00000000ea500000| PB 0x00000000ea500000| Untracked |  0
| 166|0x00000000ea600000, 0x00000000ea600000, 0x00000000ea700000|  0%| F|  |TAMS 0x00000000ea600000| PB 0x00000000ea600000| Untracked |  0
| 167|0x00000000ea700000, 0x00000000ea700000, 0x00000000ea800000|  0%| F|  |TAMS 0x00000000ea700000| PB 0x00000000ea700000| Untracked |  0
| 168|0x00000000ea800000, 0x00000000ea800000, 0x00000000ea900000|  0%| F|  |TAMS 0x00000000ea800000| PB 0x00000000ea800000| Untracked |  0
| 169|0x00000000ea900000, 0x00000000ea900000, 0x00000000eaa00000|  0%| F|  |TAMS 0x00000000ea900000| PB 0x00000000ea900000| Untracked |  0
| 170|0x00000000eaa00000, 0x00000000eaa00000, 0x00000000eab00000|  0%| F|  |TAMS 0x00000000eaa00000| PB 0x00000000eaa00000| Untracked |  0
| 171|0x00000000eab00000, 0x00000000eab00000, 0x00000000eac00000|  0%| F|  |TAMS 0x00000000eab00000| PB 0x00000000eab00000| Untracked |  0
| 172|0x00000000eac00000, 0x00000000eac00000, 0x00000000ead00000|  0%| F|  |TAMS 0x00000000eac00000| PB 0x00000000eac00000| Untracked |  0
| 173|0x00000000ead00000, 0x00000000ead00000, 0x00000000eae00000|  0%| F|  |TAMS 0x00000000ead00000| PB 0x00000000ead00000| Untracked |  0
| 174|0x00000000eae00000, 0x00000000eae00000, 0x00000000eaf00000|  0%| F|  |TAMS 0x00000000eae00000| PB 0x00000000eae00000| Untracked |  0
| 175|0x00000000eaf00000, 0x00000000eaf00000, 0x00000000eb000000|  0%| F|  |TAMS 0x00000000eaf00000| PB 0x00000000eaf00000| Untracked |  0
| 176|0x00000000eb000000, 0x00000000eb000000, 0x00000000eb100000|  0%| F|  |TAMS 0x00000000eb000000| PB 0x00000000eb000000| Untracked |  0
| 177|0x00000000eb100000, 0x00000000eb100000, 0x00000000eb200000|  0%| F|  |TAMS 0x00000000eb100000| PB 0x00000000eb100000| Untracked |  0
| 178|0x00000000eb200000, 0x00000000eb200000, 0x00000000eb300000|  0%| F|  |TAMS 0x00000000eb200000| PB 0x00000000eb200000| Untracked |  0
| 179|0x00000000eb300000, 0x00000000eb300000, 0x00000000eb400000|  0%| F|  |TAMS 0x00000000eb300000| PB 0x00000000eb300000| Untracked |  0
| 180|0x00000000eb400000, 0x00000000eb400000, 0x00000000eb500000|  0%| F|  |TAMS 0x00000000eb400000| PB 0x00000000eb400000| Untracked |  0
| 181|0x00000000eb500000, 0x00000000eb500000, 0x00000000eb600000|  0%| F|  |TAMS 0x00000000eb500000| PB 0x00000000eb500000| Untracked |  0
| 182|0x00000000eb600000, 0x00000000eb600000, 0x00000000eb700000|  0%| F|  |TAMS 0x00000000eb600000| PB 0x00000000eb600000| Untracked |  0
| 183|0x00000000eb700000, 0x00000000eb700000, 0x00000000eb800000|  0%| F|  |TAMS 0x00000000eb700000| PB 0x00000000eb700000| Untracked |  0
| 184|0x00000000eb800000, 0x00000000eb800000, 0x00000000eb900000|  0%| F|  |TAMS 0x00000000eb800000| PB 0x00000000eb800000| Untracked |  0
| 185|0x00000000eb900000, 0x00000000eb900000, 0x00000000eba00000|  0%| F|  |TAMS 0x00000000eb900000| PB 0x00000000eb900000| Untracked |  0
| 186|0x00000000eba00000, 0x00000000eba00000, 0x00000000ebb00000|  0%| F|  |TAMS 0x00000000eba00000| PB 0x00000000eba00000| Untracked |  0
| 187|0x00000000ebb00000, 0x00000000ebb00000, 0x00000000ebc00000|  0%| F|  |TAMS 0x00000000ebb00000| PB 0x00000000ebb00000| Untracked |  0
| 188|0x00000000ebc00000, 0x00000000ebc00000, 0x00000000ebd00000|  0%| F|  |TAMS 0x00000000ebc00000| PB 0x00000000ebc00000| Untracked |  0
| 189|0x00000000ebd00000, 0x00000000ebd00000, 0x00000000ebe00000|  0%| F|  |TAMS 0x00000000ebd00000| PB 0x00000000ebd00000| Untracked |  0
| 190|0x00000000ebe00000, 0x00000000ebe00000, 0x00000000ebf00000|  0%| F|  |TAMS 0x00000000ebe00000| PB 0x00000000ebe00000| Untracked |  0
| 191|0x00000000ebf00000, 0x00000000ebf00000, 0x00000000ec000000|  0%| F|  |TAMS 0x00000000ebf00000| PB 0x00000000ebf00000| Untracked |  0
| 192|0x00000000ec000000, 0x00000000ec000000, 0x00000000ec100000|  0%| F|  |TAMS 0x00000000ec000000| PB 0x00000000ec000000| Untracked |  0
| 193|0x00000000ec100000, 0x00000000ec100000, 0x00000000ec200000|  0%| F|  |TAMS 0x00000000ec100000| PB 0x00000000ec100000| Untracked |  0
| 194|0x00000000ec200000, 0x00000000ec200000, 0x00000000ec300000|  0%| F|  |TAMS 0x00000000ec200000| PB 0x00000000ec200000| Untracked |  0
| 195|0x00000000ec300000, 0x00000000ec300000, 0x00000000ec400000|  0%| F|  |TAMS 0x00000000ec300000| PB 0x00000000ec300000| Untracked |  0
| 196|0x00000000ec400000, 0x00000000ec400000, 0x00000000ec500000|  0%| F|  |TAMS 0x00000000ec400000| PB 0x00000000ec400000| Untracked |  0
| 197|0x00000000ec500000, 0x00000000ec500000, 0x00000000ec600000|  0%| F|  |TAMS 0x00000000ec500000| PB 0x00000000ec500000| Untracked |  0
| 198|0x00000000ec600000, 0x00000000ec600000, 0x00000000ec700000|  0%| F|  |TAMS 0x00000000ec600000| PB 0x00000000ec600000| Untracked |  0
| 199|0x00000000ec700000, 0x00000000ec700000, 0x00000000ec800000|  0%| F|  |TAMS 0x00000000ec700000| PB 0x00000000ec700000| Untracked |  0
| 200|0x00000000ec800000, 0x00000000ec800000, 0x00000000ec900000|  0%| F|  |TAMS 0x00000000ec800000| PB 0x00000000ec800000| Untracked |  0
| 201|0x00000000ec900000, 0x00000000ec900000, 0x00000000eca00000|  0%| F|  |TAMS 0x00000000ec900000| PB 0x00000000ec900000| Untracked |  0
| 202|0x00000000eca00000, 0x00000000eca00000, 0x00000000ecb00000|  0%| F|  |TAMS 0x00000000eca00000| PB 0x00000000eca00000| Untracked |  0
| 203|0x00000000ecb00000, 0x00000000ecb00000, 0x00000000ecc00000|  0%| F|  |TAMS 0x00000000ecb00000| PB 0x00000000ecb00000| Untracked |  0
| 204|0x00000000ecc00000, 0x00000000ecc00000, 0x00000000ecd00000|  0%| F|  |TAMS 0x00000000ecc00000| PB 0x00000000ecc00000| Untracked |  0
| 205|0x00000000ecd00000, 0x00000000ecd00000, 0x00000000ece00000|  0%| F|  |TAMS 0x00000000ecd00000| PB 0x00000000ecd00000| Untracked |  0
| 206|0x00000000ece00000, 0x00000000ece00000, 0x00000000ecf00000|  0%| F|  |TAMS 0x00000000ece00000| PB 0x00000000ece00000| Untracked |  0
| 207|0x00000000ecf00000, 0x00000000ecf00000, 0x00000000ed000000|  0%| F|  |TAMS 0x00000000ecf00000| PB 0x00000000ecf00000| Untracked |  0
| 208|0x00000000ed000000, 0x00000000ed000000, 0x00000000ed100000|  0%| F|  |TAMS 0x00000000ed000000| PB 0x00000000ed000000| Untracked |  0
| 209|0x00000000ed100000, 0x00000000ed100000, 0x00000000ed200000|  0%| F|  |TAMS 0x00000000ed100000| PB 0x00000000ed100000| Untracked |  0
| 210|0x00000000ed200000, 0x00000000ed200000, 0x00000000ed300000|  0%| F|  |TAMS 0x00000000ed200000| PB 0x00000000ed200000| Untracked |  0
| 211|0x00000000ed300000, 0x00000000ed300000, 0x00000000ed400000|  0%| F|  |TAMS 0x00000000ed300000| PB 0x00000000ed300000| Untracked |  0
| 212|0x00000000ed400000, 0x00000000ed400000, 0x00000000ed500000|  0%| F|  |TAMS 0x00000000ed400000| PB 0x00000000ed400000| Untracked |  0
| 213|0x00000000ed500000, 0x00000000ed500000, 0x00000000ed600000|  0%| F|  |TAMS 0x00000000ed500000| PB 0x00000000ed500000| Untracked |  0
| 214|0x00000000ed600000, 0x00000000ed600000, 0x00000000ed700000|  0%| F|  |TAMS 0x00000000ed600000| PB 0x00000000ed600000| Untracked |  0
| 215|0x00000000ed700000, 0x00000000ed700000, 0x00000000ed800000|  0%| F|  |TAMS 0x00000000ed700000| PB 0x00000000ed700000| Untracked |  0
| 216|0x00000000ed800000, 0x00000000ed800000, 0x00000000ed900000|  0%| F|  |TAMS 0x00000000ed800000| PB 0x00000000ed800000| Untracked |  0
| 217|0x00000000ed900000, 0x00000000ed900000, 0x00000000eda00000|  0%| F|  |TAMS 0x00000000ed900000| PB 0x00000000ed900000| Untracked |  0
| 218|0x00000000eda00000, 0x00000000eda00000, 0x00000000edb00000|  0%| F|  |TAMS 0x00000000eda00000| PB 0x00000000eda00000| Untracked |  0
| 219|0x00000000edb00000, 0x00000000edb00000, 0x00000000edc00000|  0%| F|  |TAMS 0x00000000edb00000| PB 0x00000000edb00000| Untracked |  0
| 220|0x00000000edc00000, 0x00000000edc00000, 0x00000000edd00000|  0%| F|  |TAMS 0x00000000edc00000| PB 0x00000000edc00000| Untracked |  0
| 221|0x00000000edd00000, 0x00000000edd00000, 0x00000000ede00000|  0%| F|  |TAMS 0x00000000edd00000| PB 0x00000000edd00000| Untracked |  0
| 222|0x00000000ede00000, 0x00000000ede00000, 0x00000000edf00000|  0%| F|  |TAMS 0x00000000ede00000| PB 0x00000000ede00000| Untracked |  0
| 223|0x00000000edf00000, 0x00000000edf00000, 0x00000000ee000000|  0%| F|  |TAMS 0x00000000edf00000| PB 0x00000000edf00000| Untracked |  0
| 224|0x00000000ee000000, 0x00000000ee000000, 0x00000000ee100000|  0%| F|  |TAMS 0x00000000ee000000| PB 0x00000000ee000000| Untracked |  0
| 225|0x00000000ee100000, 0x00000000ee100000, 0x00000000ee200000|  0%| F|  |TAMS 0x00000000ee100000| PB 0x00000000ee100000| Untracked |  0
| 226|0x00000000ee200000, 0x00000000ee200000, 0x00000000ee300000|  0%| F|  |TAMS 0x00000000ee200000| PB 0x00000000ee200000| Untracked |  0
| 227|0x00000000ee300000, 0x00000000ee300000, 0x00000000ee400000|  0%| F|  |TAMS 0x00000000ee300000| PB 0x00000000ee300000| Untracked |  0
| 228|0x00000000ee400000, 0x00000000ee400000, 0x00000000ee500000|  0%| F|  |TAMS 0x00000000ee400000| PB 0x00000000ee400000| Untracked |  0
| 229|0x00000000ee500000, 0x00000000ee500000, 0x00000000ee600000|  0%| F|  |TAMS 0x00000000ee500000| PB 0x00000000ee500000| Untracked |  0
| 230|0x00000000ee600000, 0x00000000ee600000, 0x00000000ee700000|  0%| F|  |TAMS 0x00000000ee600000| PB 0x00000000ee600000| Untracked |  0
| 231|0x00000000ee700000, 0x00000000ee700000, 0x00000000ee800000|  0%| F|  |TAMS 0x00000000ee700000| PB 0x00000000ee700000| Untracked |  0
| 232|0x00000000ee800000, 0x00000000ee800000, 0x00000000ee900000|  0%| F|  |TAMS 0x00000000ee800000| PB 0x00000000ee800000| Untracked |  0
| 233|0x00000000ee900000, 0x00000000ee900000, 0x00000000eea00000|  0%| F|  |TAMS 0x00000000ee900000| PB 0x00000000ee900000| Untracked |  0
| 234|0x00000000eea00000, 0x00000000eea00000, 0x00000000eeb00000|  0%| F|  |TAMS 0x00000000eea00000| PB 0x00000000eea00000| Untracked |  0
| 235|0x00000000eeb00000, 0x00000000eeb00000, 0x00000000eec00000|  0%| F|  |TAMS 0x00000000eeb00000| PB 0x00000000eeb00000| Untracked |  0
| 236|0x00000000eec00000, 0x00000000eec00000, 0x00000000eed00000|  0%| F|  |TAMS 0x00000000eec00000| PB 0x00000000eec00000| Untracked |  0
| 237|0x00000000eed00000, 0x00000000eed00000, 0x00000000eee00000|  0%| F|  |TAMS 0x00000000eed00000| PB 0x00000000eed00000| Untracked |  0
| 238|0x00000000eee00000, 0x00000000eee00000, 0x00000000eef00000|  0%| F|  |TAMS 0x00000000eee00000| PB 0x00000000eee00000| Untracked |  0
| 239|0x00000000eef00000, 0x00000000eef00000, 0x00000000ef000000|  0%| F|  |TAMS 0x00000000eef00000| PB 0x00000000eef00000| Untracked |  0
| 240|0x00000000ef000000, 0x00000000ef000000, 0x00000000ef100000|  0%| F|  |TAMS 0x00000000ef000000| PB 0x00000000ef000000| Untracked |  0
| 241|0x00000000ef100000, 0x00000000ef100000, 0x00000000ef200000|  0%| F|  |TAMS 0x00000000ef100000| PB 0x00000000ef100000| Untracked |  0
| 242|0x00000000ef200000, 0x00000000ef200000, 0x00000000ef300000|  0%| F|  |TAMS 0x00000000ef200000| PB 0x00000000ef200000| Untracked |  0
| 243|0x00000000ef300000, 0x00000000ef300000, 0x00000000ef400000|  0%| F|  |TAMS 0x00000000ef300000| PB 0x00000000ef300000| Untracked |  0
| 244|0x00000000ef400000, 0x00000000ef400000, 0x00000000ef500000|  0%| F|  |TAMS 0x00000000ef400000| PB 0x00000000ef400000| Untracked |  0
| 245|0x00000000ef500000, 0x00000000ef500000, 0x00000000ef600000|  0%| F|  |TAMS 0x00000000ef500000| PB 0x00000000ef500000| Untracked |  0
| 246|0x00000000ef600000, 0x00000000ef600000, 0x00000000ef700000|  0%| F|  |TAMS 0x00000000ef600000| PB 0x00000000ef600000| Untracked |  0
| 247|0x00000000ef700000, 0x00000000ef700000, 0x00000000ef800000|  0%| F|  |TAMS 0x00000000ef700000| PB 0x00000000ef700000| Untracked |  0
| 248|0x00000000ef800000, 0x00000000ef800000, 0x00000000ef900000|  0%| F|  |TAMS 0x00000000ef800000| PB 0x00000000ef800000| Untracked |  0
| 249|0x00000000ef900000, 0x00000000ef900000, 0x00000000efa00000|  0%| F|  |TAMS 0x00000000ef900000| PB 0x00000000ef900000| Untracked |  0
| 250|0x00000000efa00000, 0x00000000efa00000, 0x00000000efb00000|  0%| F|  |TAMS 0x00000000efa00000| PB 0x00000000efa00000| Untracked |  0
| 251|0x00000000efb00000, 0x00000000efb00000, 0x00000000efc00000|  0%| F|  |TAMS 0x00000000efb00000| PB 0x00000000efb00000| Untracked |  0
| 252|0x00000000efc00000, 0x00000000efc00000, 0x00000000efd00000|  0%| F|  |TAMS 0x00000000efc00000| PB 0x00000000efc00000| Untracked |  0
| 255|0x00000000eff00000, 0x00000000effb16b0, 0x00000000f0000000| 69%| E|  |TAMS 0x00000000eff00000| PB 0x00000000eff00000| Complete |  0
| 510|0x00000000ffe00000, 0x00000000fff00000, 0x00000000fff00000|100%| O|  |TAMS 0x00000000ffe00000| PB 0x00000000ffe00000| Untracked |  0
| 511|0x00000000fff00000, 0x0000000100000000, 0x0000000100000000|100%| E|CS|TAMS 0x00000000fff00000| PB 0x00000000fff00000| Complete |  0

Card table byte_map: [0x000002272fbd0000,0x000002272fcd0000] _byte_map_base: 0x000002272f4d0000

Marking Bits: (CMBitMap*) 0x0000022718261f60
 Bits: [0x000002272fcd0000, 0x00000227304d0000)

Polling page: 0x0000022716000000

Metaspace:
Metaspace        used 77082K, committed 79488K, reserved 458752K
 class space     used 11492K, committed 12672K, reserved 327680K

Usage:
  Non-class:     64.05 MB used.
      Class:     11.22 MB used.
       Both:     75.28 MB used.

Virtual space:
  Non-class space:      128.00 MB reserved,      65.25 MB ( 51%) committed,  2 nodes.
      Class space:      320.00 MB reserved,      12.38 MB (  4%) committed,  1 nodes.
             Both:      448.00 MB reserved,      77.62 MB ( 17%) committed. 

Chunk freelists:
   Non-Class:  14.00 MB
       Class:  3.55 MB
        Both:  17.55 MB

MaxMetaspaceSize: 384.00 MB
CompressedClassSpaceSize: 320.00 MB
Initial GC threshold: 21.00 MB
Current GC threshold: 113.56 MB
CDS: on
 - commit_granule_bytes: 65536.
 - commit_granule_words: 8192.
 - virtual_space_node_default_size: 8388608.
 - enlarge_chunks_in_place: 1.
UseCompressedClassPointers 1, UseCompactObjectHeaders 0
Narrow klass pointer bits 32, Max shift 3
Narrow klass base: 0x0000000095000000, Narrow klass shift: 0
Encoding Range: [0x0000000095000000 - 0x0000000195000000), (4294967296 bytes)
Klass Range:    [0x0000000095010000 - 0x00000000aa000000), (352256000 bytes)
Klass ID Range:  [65536 - 352321529) (352255993)
Protection zone: [0x0000000095000000 - 0x0000000095010000), (65536 bytes)


Internal statistics:

num_allocs_failed_limit: 15.
num_arena_births: 4324.
num_arena_deaths: 0.
num_vsnodes_births: 3.
num_vsnodes_deaths: 0.
num_space_committed: 1242.
num_space_uncommitted: 0.
num_chunks_returned_to_freelist: 15.
num_chunks_taken_from_freelist: 8233.
num_chunk_merges: 12.
num_chunk_splits: 5283.
num_chunks_enlarged: 3200.
num_inconsistent_stats: 0.

CodeHeap 'non-profiled nmethods': size=120064Kb used=6734Kb max_used=6734Kb free=113329Kb
 bounds [0x0000022728590000, 0x0000022728c30000, 0x000002272fad0000]
CodeHeap 'profiled nmethods': size=120000Kb used=22065Kb max_used=22065Kb free=97934Kb
 bounds [0x0000022720ad0000, 0x0000022722060000, 0x0000022728000000]
CodeHeap 'non-nmethods': size=5696Kb used=2206Kb max_used=2339Kb free=3489Kb
 bounds [0x0000022728000000, 0x0000022728270000, 0x0000022728590000]
CodeCache: size=245760Kb, used=31005Kb, max_used=31138Kb, free=214752Kb
 total_blobs=15022, nmethods=14179, adapters=744, full_count=0
Compilation: enabled, stopped_count=0, restarted_count=0

Compilation events (20 events):
Event: 340.324 Thread 0x0000022732a3aa00 nmethod 15732 0x0000022722057808 code [0x0000022722057920, 0x0000022722057e20]
Event: 340.437 Thread 0x0000022732a36b90 15733       4       org.gradle.api.internal.tasks.compile.incremental.compilerapi.deps.DependentsSet$DefaultDependentsSet::<init> (8 bytes)
Event: 340.438 Thread 0x0000022732a36b90 nmethod 15733 0x0000022728c20888 code [0x0000022728c20980, 0x0000022728c20d90]
Event: 340.506 Thread 0x0000022732a3aa00 15734       3       it.unimi.dsi.fastutil.ints.AbstractIntCollection::<init> (5 bytes)
Event: 340.506 Thread 0x0000022732a3aa00 nmethod 15734 0x0000022722057e88 code [0x0000022722057f80, 0x0000022722058140]
Event: 340.513 Thread 0x0000022732a3aa00 15735       3       it.unimi.dsi.fastutil.ints.AbstractIntSet::<init> (5 bytes)
Event: 340.513 Thread 0x0000022732a3aa00 nmethod 15735 0x0000022722058188 code [0x0000022722058280, 0x00000227220584a0]
Event: 340.589 Thread 0x0000022732a3aa00 15736       3       org.gradle.api.internal.tasks.compile.incremental.compilerapi.deps.DependentSetSerializer::read (198 bytes)
Event: 340.592 Thread 0x0000022732a3aa00 nmethod 15736 0x0000022722058508 code [0x0000022722058600, 0x000002272205b098]
Event: 340.611 Thread 0x0000022732a36b90 15737       4       com.google.common.collect.ImmutableSet$EmptySetBuilderImpl::build (4 bytes)
Event: 340.611 Thread 0x0000022732a36b90 nmethod 15737 0x0000022728c20e08 code [0x0000022728c20f00, 0x0000022728c20f80]
Event: 340.699 Thread 0x0000022732a3aa00 15738       3       it.unimi.dsi.fastutil.ints.IntOpenHashSet::<init> (94 bytes)
Event: 340.700 Thread 0x0000022732a3aa00 nmethod 15738 0x000002272205b108 code [0x000002272205b220, 0x000002272205ba20]
Event: 340.985 Thread 0x0000022732a36b90 15739 %     4       com.google.common.collect.MapMakerInternalMap$Segment::expand @ 185 (276 bytes)
Event: 341.053 Thread 0x0000022732a36b90 nmethod 15739% 0x0000022728c21108 code [0x0000022728c21200, 0x0000022728c22890]
Event: 341.294 Thread 0x0000022732a36b90 15740       4       org.gradle.api.internal.tasks.compile.incremental.deps.ClassSetAnalysisData$Serializer$$Lambda/0x0000000096c704a8::get (8 bytes)
Event: 341.295 Thread 0x0000022732a36b90 nmethod 15740 0x0000022728c22908 code [0x0000022728c22a00, 0x0000022728c22a80]
Event: 341.295 Thread 0x0000022732a36b90 15741       4       org.gradle.api.internal.tasks.compile.incremental.compilerapi.deps.DependentsSet::dependents (52 bytes)
Event: 341.311 Thread 0x0000022732a36b90 nmethod 15741 0x0000022728c22c08 code [0x0000022728c22d00, 0x0000022728c23690]
Event: 341.777 Thread 0x0000022732a36b90 15742       4       org.gradle.api.internal.tasks.compile.incremental.compilerapi.deps.DependentSetSerializer::read (198 bytes)

GC Heap Usage History (20 events):
Event: 13.759 {heap Before GC invocations=2 (full 0):
 garbage-first heap   total reserved 524288K, committed 264192K, used 50145K [0x00000000e0000000, 0x0000000100000000)
  region size 1024K, 40 young (40960K), 14 survivors (14336K)
}
Event: 13.771 {heap After GC invocations=3 (full 0):
 garbage-first heap   total reserved 524288K, committed 264192K, used 25897K [0x00000000e0000000, 0x0000000100000000)
  region size 1024K, 11 young (11264K), 11 survivors (11264K)
}
Event: 20.493 {heap Before GC invocations=4 (full 0):
 garbage-first heap   total reserved 524288K, committed 262144K, used 148777K [0x00000000e0000000, 0x0000000100000000)
  region size 1024K, 133 young (136192K), 11 survivors (11264K)
}
Event: 20.518 {heap After GC invocations=5 (full 0):
 garbage-first heap   total reserved 524288K, committed 262144K, used 31024K [0x00000000e0000000, 0x0000000100000000)
  region size 1024K, 8 young (8192K), 8 survivors (8192K)
}
Event: 20.613 {heap Before GC invocations=5 (full 0):
 garbage-first heap   total reserved 524288K, committed 262144K, used 33072K [0x00000000e0000000, 0x0000000100000000)
  region size 1024K, 11 young (11264K), 8 survivors (8192K)
}
Event: 20.622 {heap After GC invocations=6 (full 0):
 garbage-first heap   total reserved 524288K, committed 262144K, used 31298K [0x00000000e0000000, 0x0000000100000000)
  region size 1024K, 8 young (8192K), 8 survivors (8192K)
}
Event: 20.759 {heap Before GC invocations=6 (full 0):
 garbage-first heap   total reserved 524288K, committed 262144K, used 32322K [0x00000000e0000000, 0x0000000100000000)
  region size 1024K, 11 young (11264K), 8 survivors (8192K)
}
Event: 20.767 {heap After GC invocations=7 (full 0):
 garbage-first heap   total reserved 524288K, committed 262144K, used 31933K [0x00000000e0000000, 0x0000000100000000)
  region size 1024K, 9 young (9216K), 9 survivors (9216K)
}
Event: 29.011 {heap Before GC invocations=8 (full 0):
 garbage-first heap   total reserved 524288K, committed 262144K, used 179389K [0x00000000e0000000, 0x0000000100000000)
  region size 1024K, 153 young (156672K), 9 survivors (9216K)
}
Event: 29.032 {heap After GC invocations=9 (full 0):
 garbage-first heap   total reserved 524288K, committed 262144K, used 41299K [0x00000000e0000000, 0x0000000100000000)
  region size 1024K, 18 young (18432K), 18 survivors (18432K)
}
Event: 36.859 {heap Before GC invocations=9 (full 0):
 garbage-first heap   total reserved 524288K, committed 262144K, used 179539K [0x00000000e0000000, 0x0000000100000000)
  region size 1024K, 153 young (156672K), 18 survivors (18432K)
}
Event: 36.941 {heap After GC invocations=10 (full 0):
 garbage-first heap   total reserved 524288K, committed 262144K, used 51200K [0x00000000e0000000, 0x0000000100000000)
  region size 1024K, 20 young (20480K), 20 survivors (20480K)
}
Event: 43.217 {heap Before GC invocations=10 (full 0):
 garbage-first heap   total reserved 524288K, committed 262144K, used 129024K [0x00000000e0000000, 0x0000000100000000)
  region size 1024K, 97 young (99328K), 20 survivors (20480K)
}
Event: 43.269 {heap After GC invocations=11 (full 0):
 garbage-first heap   total reserved 524288K, committed 262144K, used 57856K [0x00000000e0000000, 0x0000000100000000)
  region size 1024K, 7 young (7168K), 7 survivors (7168K)
}
Event: 288.793 {heap Before GC invocations=12 (full 0):
 garbage-first heap   total reserved 524288K, committed 262144K, used 206336K [0x00000000e0000000, 0x0000000100000000)
  region size 1024K, 153 young (156672K), 7 survivors (7168K)
}
Event: 288.901 {heap After GC invocations=13 (full 0):
 garbage-first heap   total reserved 524288K, committed 262144K, used 63876K [0x00000000e0000000, 0x0000000100000000)
  region size 1024K, 13 young (13312K), 13 survivors (13312K)
}
Event: 320.988 {heap Before GC invocations=13 (full 0):
 garbage-first heap   total reserved 524288K, committed 262144K, used 206212K [0x00000000e0000000, 0x0000000100000000)
  region size 1024K, 153 young (156672K), 13 survivors (13312K)
}
Event: 321.137 {heap After GC invocations=14 (full 0):
 garbage-first heap   total reserved 524288K, committed 262144K, used 63363K [0x00000000e0000000, 0x0000000100000000)
  region size 1024K, 10 young (10240K), 10 survivors (10240K)
}
Event: 328.149 {heap Before GC invocations=14 (full 0):
 garbage-first heap   total reserved 524288K, committed 262144K, used 154499K [0x00000000e0000000, 0x0000000100000000)
  region size 1024K, 101 young (103424K), 10 survivors (10240K)
}
Event: 328.196 {heap After GC invocations=15 (full 0):
 garbage-first heap   total reserved 524288K, committed 262144K, used 65411K [0x00000000e0000000, 0x0000000100000000)
  region size 1024K, 12 young (12288K), 12 survivors (12288K)
}

Metaspace Usage History (20 events):
Event: 13.759 {metaspace Before GC invocations=2 (full 0):
 Metaspace       used 20885K, committed 21504K, reserved 393216K
  class space    used 3001K, committed 3264K, reserved 327680K
}
Event: 13.771 {metaspace After GC invocations=3 (full 0):
 Metaspace       used 20885K, committed 21504K, reserved 393216K
  class space    used 3001K, committed 3264K, reserved 327680K
}
Event: 20.493 {metaspace Before GC invocations=4 (full 0):
 Metaspace       used 35040K, committed 36416K, reserved 393216K
  class space    used 5332K, committed 6016K, reserved 327680K
}
Event: 20.518 {metaspace After GC invocations=5 (full 0):
 Metaspace       used 35040K, committed 36416K, reserved 393216K
  class space    used 5332K, committed 6016K, reserved 327680K
}
Event: 20.613 {metaspace Before GC invocations=5 (full 0):
 Metaspace       used 35373K, committed 36736K, reserved 393216K
  class space    used 5361K, committed 6016K, reserved 327680K
}
Event: 20.622 {metaspace After GC invocations=6 (full 0):
 Metaspace       used 35373K, committed 36736K, reserved 393216K
  class space    used 5361K, committed 6016K, reserved 327680K
}
Event: 20.759 {metaspace Before GC invocations=6 (full 0):
 Metaspace       used 35681K, committed 37056K, reserved 393216K
  class space    used 5390K, committed 6080K, reserved 327680K
}
Event: 20.767 {metaspace After GC invocations=7 (full 0):
 Metaspace       used 35681K, committed 37056K, reserved 393216K
  class space    used 5390K, committed 6080K, reserved 327680K
}
Event: 29.011 {metaspace Before GC invocations=8 (full 0):
 Metaspace       used 49095K, committed 50944K, reserved 393216K
  class space    used 7561K, committed 8448K, reserved 327680K
}
Event: 29.032 {metaspace After GC invocations=9 (full 0):
 Metaspace       used 49095K, committed 50944K, reserved 393216K
  class space    used 7561K, committed 8448K, reserved 327680K
}
Event: 36.859 {metaspace Before GC invocations=9 (full 0):
 Metaspace       used 58272K, committed 60416K, reserved 393216K
  class space    used 9091K, committed 10112K, reserved 327680K
}
Event: 36.941 {metaspace After GC invocations=10 (full 0):
 Metaspace       used 58272K, committed 60416K, reserved 393216K
  class space    used 9091K, committed 10112K, reserved 327680K
}
Event: 43.217 {metaspace Before GC invocations=10 (full 0):
 Metaspace       used 59671K, committed 61888K, reserved 393216K
  class space    used 9185K, committed 10240K, reserved 327680K
}
Event: 43.269 {metaspace After GC invocations=11 (full 0):
 Metaspace       used 59671K, committed 61888K, reserved 393216K
  class space    used 9185K, committed 10240K, reserved 327680K
}
Event: 288.793 {metaspace Before GC invocations=12 (full 0):
 Metaspace       used 62351K, committed 64704K, reserved 393216K
  class space    used 9520K, committed 10688K, reserved 327680K
}
Event: 288.901 {metaspace After GC invocations=13 (full 0):
 Metaspace       used 62351K, committed 64704K, reserved 393216K
  class space    used 9520K, committed 10688K, reserved 327680K
}
Event: 320.988 {metaspace Before GC invocations=13 (full 0):
 Metaspace       used 64989K, committed 67392K, reserved 393216K
  class space    used 9960K, committed 11136K, reserved 327680K
}
Event: 321.137 {metaspace After GC invocations=14 (full 0):
 Metaspace       used 64989K, committed 67392K, reserved 393216K
  class space    used 9960K, committed 11136K, reserved 327680K
}
Event: 328.150 {metaspace Before GC invocations=14 (full 0):
 Metaspace       used 67370K, committed 69760K, reserved 393216K
  class space    used 10273K, committed 11392K, reserved 327680K
}
Event: 328.196 {metaspace After GC invocations=15 (full 0):
 Metaspace       used 67370K, committed 69760K, reserved 393216K
  class space    used 10273K, committed 11392K, reserved 327680K
}

Dll operation events (14 events):
Event: 0.031 Loaded shared library C:\Program Files\Java\jdk-25.0.3\bin\java.dll
Event: 0.618 Loaded shared library C:\Program Files\Java\jdk-25.0.3\bin\zip.dll
Event: 0.624 Loaded shared library C:\Program Files\Java\jdk-25.0.3\bin\instrument.dll
Event: 0.632 Loaded shared library C:\Program Files\Java\jdk-25.0.3\bin\net.dll
Event: 0.639 Loaded shared library C:\Program Files\Java\jdk-25.0.3\bin\nio.dll
Event: 0.645 Loaded shared library C:\Program Files\Java\jdk-25.0.3\bin\zip.dll
Event: 1.563 Loaded shared library C:\Program Files\Java\jdk-25.0.3\bin\jimage.dll
Event: 2.700 Loaded shared library C:\Program Files\Java\jdk-25.0.3\bin\verify.dll
Event: 2.757 Loaded shared library C:\Users\poloa\.gradle\native\660c5614fbf4a5f2a75b1949f50a0caf5cd603558e7d8a26e50b933a0cfb79d1\windows-amd64\native-platform.dll
Event: 2.782 Loaded shared library C:\Users\poloa\.gradle\native\0.2.8\x86_64-windows-gnu\gradle-fileevents.dll
Event: 8.391 Loaded shared library C:\Program Files\Java\jdk-25.0.3\bin\management.dll
Event: 8.395 Loaded shared library C:\Program Files\Java\jdk-25.0.3\bin\management_ext.dll
Event: 8.862 Loaded shared library C:\Program Files\Java\jdk-25.0.3\bin\extnet.dll
Event: 9.845 Loaded shared library C:\Program Files\Java\jdk-25.0.3\bin\sunmscapi.dll

Deoptimization events (20 events):
Event: 337.565 Thread 0x000002273a595740 Uncommon trap: trap_request=0xffffff45 fr.pc=0x000002272891ce5c relative=0x000000000000025c
Event: 337.565 Thread 0x000002273a595740 Uncommon trap: reason=unstable_if action=reinterpret pc=0x000002272891ce5c method=com.sun.tools.javac.util.Convert.utf2chars([BI[CIILcom/sun/tools/javac/util/Convert$Validation;)I @ 24 c2
Event: 337.565 Thread 0x000002273a595740 DEOPT PACKING pc=0x000002272891ce5c sp=0x000000cc1f8f55a0
Event: 337.565 Thread 0x000002273a595740 DEOPT UNPACKING pc=0x000002272809a602 sp=0x000000cc1f8f5508 mode 2
Event: 337.737 Thread 0x000002273a595740 Uncommon trap: trap_request=0xffffff45 fr.pc=0x00000227285bfecc relative=0x000000000000004c
Event: 337.737 Thread 0x000002273a595740 Uncommon trap: reason=unstable_if action=reinterpret pc=0x00000227285bfecc method=sun.nio.fs.WindowsPathParser.isSlash(C)Z @ 9 c2
Event: 337.737 Thread 0x000002273a595740 DEOPT PACKING pc=0x00000227285bfecc sp=0x000000cc1f8f8440
Event: 337.737 Thread 0x000002273a595740 DEOPT UNPACKING pc=0x000002272809a602 sp=0x000000cc1f8f83c8 mode 2
Event: 338.763 Thread 0x000002273c0a43d0 Uncommon trap: trap_request=0xffffffde fr.pc=0x0000022728946690 relative=0x0000000000000190
Event: 338.763 Thread 0x000002273c0a43d0 Uncommon trap: reason=class_check action=maybe_recompile pc=0x0000022728946690 method=com.google.common.collect.ImmutableSet.copyOf(Ljava/util/Collection;)Lcom/google/common/collect/ImmutableSet; @ 8 c2
Event: 338.764 Thread 0x000002273c0a43d0 DEOPT PACKING pc=0x0000022728946690 sp=0x000000cc1fdfe3e0
Event: 338.764 Thread 0x000002273c0a43d0 DEOPT UNPACKING pc=0x000002272809a602 sp=0x000000cc1fdfe370 mode 2
Event: 339.655 Thread 0x000002273c0a43d0 Uncommon trap: trap_request=0xffffff45 fr.pc=0x00000227287c9ea4 relative=0x0000000000000224
Event: 339.655 Thread 0x000002273c0a43d0 Uncommon trap: reason=unstable_if action=reinterpret pc=0x00000227287c9ea4 method=com.esotericsoftware.kryo.io.Input.require(I)I @ 65 c2
Event: 339.655 Thread 0x000002273c0a43d0 DEOPT PACKING pc=0x00000227287c9ea4 sp=0x000000cc1fdfe3b0
Event: 339.655 Thread 0x000002273c0a43d0 DEOPT UNPACKING pc=0x000002272809a602 sp=0x000000cc1fdfe360 mode 2
Event: 340.511 Thread 0x000002273c0a43d0 Uncommon trap: trap_request=0xffffff45 fr.pc=0x0000022728c1ca14 relative=0x00000000000017f4
Event: 340.511 Thread 0x000002273c0a43d0 Uncommon trap: reason=unstable_if action=reinterpret pc=0x0000022728c1ca14 method=org.gradle.api.internal.tasks.compile.incremental.compilerapi.deps.DependentSetSerializer.read(Lorg/gradle/internal/serialize/Decoder;)Lorg/gradle/api/internal/tasks/compile
Event: 340.512 Thread 0x000002273c0a43d0 DEOPT PACKING pc=0x0000022728c1ca14 sp=0x000000cc1fdfe4b0
Event: 340.512 Thread 0x000002273c0a43d0 DEOPT UNPACKING pc=0x000002272809a602 sp=0x000000cc1fdfe468 mode 2

Classes loaded (20 events):
Event: 335.668 Loading class java/util/regex/Pattern$Caret
Event: 335.668 Loading class java/util/regex/Pattern$Caret done
Event: 335.825 Loading class sun/reflect/generics/repository/FieldRepository
Event: 335.827 Loading class sun/reflect/generics/repository/FieldRepository done
Event: 336.732 Loading class java/util/EnumMap$EntrySet
Event: 336.732 Loading class java/util/EnumMap$EntrySet done
Event: 336.732 Loading class java/util/EnumMap$EntryIterator
Event: 336.733 Loading class java/util/EnumMap$EnumMapIterator
Event: 336.733 Loading class java/util/EnumMap$EnumMapIterator done
Event: 336.733 Loading class java/util/EnumMap$EntryIterator done
Event: 336.733 Loading class java/util/EnumMap$EntryIterator$Entry
Event: 336.733 Loading class java/util/EnumMap$EntryIterator$Entry done
Event: 337.366 Loading class java/util/function/ToIntBiFunction
Event: 337.366 Loading class java/util/function/ToIntBiFunction done
Event: 337.768 Loading class java/util/EnumMap$Values
Event: 337.769 Loading class java/util/EnumMap$Values done
Event: 337.769 Loading class java/util/EnumMap$ValueIterator
Event: 337.769 Loading class java/util/EnumMap$ValueIterator done
Event: 337.772 Loading class java/util/WeakHashMap$KeyIterator
Event: 337.773 Loading class java/util/WeakHashMap$KeyIterator done

Classes unloaded (0 events):
No events

Classes redefined (0 events):
No events

Internal exceptions (20 events):
Event: 337.069 Thread 0x000002273a595740 Exception <a 'sun/nio/fs/WindowsException'{0x00000000e85908f8}> (0x00000000e85908f8) 
thrown [s\open\src\hotspot\share\prims\jni.cpp, line 516]
Event: 337.069 Thread 0x000002273a595740 Exception <a 'sun/nio/fs/WindowsException'{0x00000000e8592ac8}> (0x00000000e8592ac8) 
thrown [s\open\src\hotspot\share\prims\jni.cpp, line 516]
Event: 337.205 Thread 0x000002273a595740 Exception <a 'java/lang/NoSuchMethodError'{0x00000000e8429100}: 'java.lang.Object java.lang.invoke.DirectMethodHandle$Holder.newInvokeSpecial(java.lang.Object, java.lang.Object, java.lang.Object, java.lang.Object, java.lang.Object, java.lang.Object, java.lang.Object, int)'> (0x00000000e8429100) 
thrown [s\open\src\hotspot\share\interpreter\linkResolver.cpp, line 804]
Event: 337.215 Thread 0x000002273a595740 Exception <a 'java/lang/NoSuchMethodError'{0x00000000e8433b80}: 'java.lang.Object java.lang.invoke.DirectMethodHandle$Holder.invokeSpecial(java.lang.Object, java.lang.Object, java.lang.Object, java.lang.Object, java.lang.Object, java.lang.Object, java.lang.Object, java.lang.Object, int)'> (0x00000000e8433b80) 
thrown [s\open\src\hotspot\share\interpreter\linkResolver.cpp, line 804]
Event: 337.216 Thread 0x000002273a595740 Exception <a 'java/lang/NoSuchMethodError'{0x00000000e843dc38}: 'java.lang.Object java.lang.invoke.Invokers$Holder.linkToTargetMethod(java.lang.Object, java.lang.Object, java.lang.Object, java.lang.Object, java.lang.Object, java.lang.Object, int, java.lang.Object)'> (0x00000000e843dc38) 
thrown [s\open\src\hotspot\share\interpreter\linkResolver.cpp, line 804]
Event: 337.380 Thread 0x000002273a595740 Exception <a 'sun/nio/fs/WindowsException'{0x00000000e8364930}> (0x00000000e8364930) 
thrown [s\open\src\hotspot\share\prims\jni.cpp, line 516]
Event: 337.386 Thread 0x000002273a595740 Exception <a 'sun/nio/fs/WindowsException'{0x00000000e837dcd0}> (0x00000000e837dcd0) 
thrown [s\open\src\hotspot\share\prims\jni.cpp, line 516]
Event: 337.395 Thread 0x000002273a595740 Exception <a 'sun/nio/fs/WindowsException'{0x00000000e8395258}> (0x00000000e8395258) 
thrown [s\open\src\hotspot\share\prims\jni.cpp, line 516]
Event: 337.396 Thread 0x000002273a595740 Exception <a 'sun/nio/fs/WindowsException'{0x00000000e8396a20}> (0x00000000e8396a20) 
thrown [s\open\src\hotspot\share\prims\jni.cpp, line 516]
Event: 337.400 Thread 0x000002273a595740 Exception <a 'sun/nio/fs/WindowsException'{0x00000000e83981a0}> (0x00000000e83981a0) 
thrown [s\open\src\hotspot\share\prims\jni.cpp, line 516]
Event: 337.400 Thread 0x000002273a595740 Exception <a 'sun/nio/fs/WindowsException'{0x00000000e8399678}> (0x00000000e8399678) 
thrown [s\open\src\hotspot\share\prims\jni.cpp, line 516]
Event: 337.400 Thread 0x000002273a595740 Exception <a 'sun/nio/fs/WindowsException'{0x00000000e839ab30}> (0x00000000e839ab30) 
thrown [s\open\src\hotspot\share\prims\jni.cpp, line 516]
Event: 337.400 Thread 0x000002273a595740 Exception <a 'sun/nio/fs/WindowsException'{0x00000000e839bfc0}> (0x00000000e839bfc0) 
thrown [s\open\src\hotspot\share\prims\jni.cpp, line 516]
Event: 337.400 Thread 0x000002273a595740 Exception <a 'sun/nio/fs/WindowsException'{0x00000000e839d448}> (0x00000000e839d448) 
thrown [s\open\src\hotspot\share\prims\jni.cpp, line 516]
Event: 337.735 Thread 0x000002273a595740 Exception <a 'sun/nio/fs/WindowsException'{0x00000000e818cd78}> (0x00000000e818cd78) 
thrown [s\open\src\hotspot\share\prims\jni.cpp, line 516]
Event: 337.737 Thread 0x000002273a595740 Exception <a 'sun/nio/fs/WindowsException'{0x00000000e818e4c0}> (0x00000000e818e4c0) 
thrown [s\open\src\hotspot\share\prims\jni.cpp, line 516]
Event: 337.737 Thread 0x000002273a595740 Exception <a 'sun/nio/fs/WindowsException'{0x00000000e818efd0}> (0x00000000e818efd0) 
thrown [s\open\src\hotspot\share\prims\jni.cpp, line 516]
Event: 337.756 Thread 0x000002273a595740 Exception <a 'sun/nio/fs/WindowsException'{0x00000000e81a8dd8}> (0x00000000e81a8dd8) 
thrown [s\open\src\hotspot\share\prims\jni.cpp, line 516]
Event: 337.757 Thread 0x000002273a595740 Exception <a 'sun/nio/fs/WindowsException'{0x00000000e81aa500}> (0x00000000e81aa500) 
thrown [s\open\src\hotspot\share\prims\jni.cpp, line 516]
Event: 337.757 Thread 0x000002273a595740 Exception <a 'sun/nio/fs/WindowsException'{0x00000000e81aaf50}> (0x00000000e81aaf50) 
thrown [s\open\src\hotspot\share\prims\jni.cpp, line 516]

VM Operations (20 events):
Event: 330.305 Executing non-safepoint VM operation: HandshakeAllThreads (Deoptimize)
Event: 330.305 Executing non-safepoint VM operation: HandshakeAllThreads (Deoptimize) done
Event: 331.715 Executing non-safepoint VM operation: HandshakeAllThreads (Deoptimize)
Event: 331.715 Executing non-safepoint VM operation: HandshakeAllThreads (Deoptimize) done
Event: 331.753 Executing non-safepoint VM operation: HandshakeAllThreads (Deoptimize)
Event: 331.753 Executing non-safepoint VM operation: HandshakeAllThreads (Deoptimize) done
Event: 335.803 Executing non-safepoint VM operation: HandshakeAllThreads (Deoptimize)
Event: 335.803 Executing non-safepoint VM operation: HandshakeAllThreads (Deoptimize) done
Event: 336.669 Executing non-safepoint VM operation: HandshakeAllThreads (Deoptimize)
Event: 336.670 Executing non-safepoint VM operation: HandshakeAllThreads (Deoptimize) done
Event: 336.686 Executing non-safepoint VM operation: HandshakeAllThreads (Deoptimize)
Event: 336.686 Executing non-safepoint VM operation: HandshakeAllThreads (Deoptimize) done
Event: 336.880 Executing non-safepoint VM operation: HandshakeAllThreads (Deoptimize)
Event: 336.880 Executing non-safepoint VM operation: HandshakeAllThreads (Deoptimize) done
Event: 336.884 Executing non-safepoint VM operation: HandshakeAllThreads (Deoptimize)
Event: 336.884 Executing non-safepoint VM operation: HandshakeAllThreads (Deoptimize) done
Event: 337.307 Executing non-safepoint VM operation: HandshakeAllThreads (Deoptimize)
Event: 337.307 Executing non-safepoint VM operation: HandshakeAllThreads (Deoptimize) done
Event: 337.364 Executing non-safepoint VM operation: HandshakeAllThreads (Deoptimize)
Event: 337.365 Executing non-safepoint VM operation: HandshakeAllThreads (Deoptimize) done

Memory protections (0 events):
No events

Nmethod flushes (20 events):
Event: 328.959 Thread 0x00000227182d4010 flushing  nmethod 0x00000227212aac08
Event: 328.959 Thread 0x00000227182d4010 flushing  nmethod 0x00000227212ade88
Event: 328.959 Thread 0x00000227182d4010 flushing  nmethod 0x00000227212ae188
Event: 328.959 Thread 0x00000227182d4010 flushing  nmethod 0x00000227212af508
Event: 328.959 Thread 0x00000227182d4010 flushing  nmethod 0x00000227212c3288
Event: 328.959 Thread 0x00000227182d4010 flushing  nmethod 0x00000227212c3688
Event: 328.959 Thread 0x00000227182d4010 flushing  nmethod 0x00000227212cef88
Event: 328.959 Thread 0x00000227182d4010 flushing  nmethod 0x00000227212d3c88
Event: 328.959 Thread 0x00000227182d4010 flushing  nmethod 0x0000022721311608
Event: 328.959 Thread 0x00000227182d4010 flushing  nmethod 0x0000022721313b08
Event: 328.959 Thread 0x00000227182d4010 flushing  nmethod 0x0000022721316588
Event: 328.959 Thread 0x00000227182d4010 flushing  nmethod 0x0000022721376c08
Event: 328.959 Thread 0x00000227182d4010 flushing  nmethod 0x0000022721438408
Event: 328.959 Thread 0x00000227182d4010 flushing  nmethod 0x00000227214a0888
Event: 328.959 Thread 0x00000227182d4010 flushing  nmethod 0x0000022721512a88
Event: 328.959 Thread 0x00000227182d4010 flushing  nmethod 0x00000227215e8308
Event: 328.959 Thread 0x00000227182d4010 flushing  nmethod 0x00000227215ebb88
Event: 328.959 Thread 0x00000227182d4010 flushing  nmethod 0x00000227215eca88
Event: 328.959 Thread 0x00000227182d4010 flushing  nmethod 0x00000227216d4f08
Event: 328.959 Thread 0x00000227182d4010 flushing  nmethod 0x00000227216d5208

Events (20 events):
Event: 314.109 Thread 0x0000022739299e30 Thread added: 0x0000022738c924c0
Event: 314.268 Thread 0x0000022739299e30 Thread added: 0x0000022738c93460
Event: 314.352 Thread 0x000002273929bd70 Thread added: 0x000002273929add0
Event: 314.410 Thread 0x000002273929bd70 Thread added: 0x000002273929b5a0
Event: 314.426 Thread 0x000002273929bd70 Thread added: 0x000002273929c540
Event: 314.991 Thread 0x000002273929bd70 Thread added: 0x000002273929dcb0
Event: 315.033 Thread 0x000002273929bd70 Thread added: 0x000002273a1a09e0
Event: 315.237 Thread 0x000002273929bd70 Thread added: 0x000002273a1a11b0
Event: 315.504 Thread 0x000002273929bd70 Thread added: 0x000002273a1a2150
Event: 315.524 Thread 0x000002273929bd70 Thread added: 0x000002273a1a2920
Event: 317.771 Thread 0x000002273929bd70 Thread added: 0x000002273a3b5910
Event: 317.772 Thread 0x000002273929bd70 Thread added: 0x000002273a3b8020
Event: 317.772 Thread 0x000002273929bd70 Thread added: 0x000002273aadceb0
Event: 318.216 Thread 0x000002273929bd70 Thread added: 0x0000022732a47310
Event: 324.450 Thread 0x000002273929bd70 Thread added: 0x000002273a595740
Event: 324.454 Thread 0x000002273a595740 Thread added: 0x000002273a5947a0
Event: 324.454 Thread 0x000002273a595740 Thread added: 0x000002273a595f10
Event: 324.455 Thread 0x000002273a595740 Thread added: 0x000002273a5966e0
Event: 324.469 Thread 0x000002273a595740 Thread added: 0x000002273a597680
Event: 327.232 Thread 0x000002273a595740 Thread added: 0x000002273c0a43d0


Dynamic libraries:
0x00007ff6712a0000 - 0x00007ff6712b0000 	C:\Program Files\Java\jdk-25.0.3\bin\java.exe
0x00007fff6a220000 - 0x00007fff6a487000 	C:\WINDOWS\SYSTEM32\ntdll.dll
0x00007fff695a0000 - 0x00007fff69669000 	C:\WINDOWS\System32\KERNEL32.DLL
0x00007fff67760000 - 0x00007fff67b57000 	C:\WINDOWS\System32\KERNELBASE.dll
0x00007fff67610000 - 0x00007fff6775b000 	C:\WINDOWS\System32\ucrtbase.dll
0x00007fff47fb0000 - 0x00007fff47fc7000 	C:\Program Files\Java\jdk-25.0.3\bin\jli.dll
0x00007fff579f0000 - 0x00007fff57a0e000 	C:\Program Files\Java\jdk-25.0.3\bin\VCRUNTIME140.dll
0x00007fff67fa0000 - 0x00007fff68166000 	C:\WINDOWS\System32\USER32.dll
0x00007fff67e40000 - 0x00007fff67e67000 	C:\WINDOWS\System32\win32u.dll
0x00007fff68520000 - 0x00007fff6854b000 	C:\WINDOWS\System32\GDI32.dll
0x00007fff67e70000 - 0x00007fff67f9c000 	C:\WINDOWS\System32\gdi32full.dll
0x00007fff67b60000 - 0x00007fff67c03000 	C:\WINDOWS\System32\msvcp_win.dll
0x00007fff551b0000 - 0x00007fff55442000 	C:\WINDOWS\WinSxS\amd64_microsoft.windows.common-controls_6595b64144ccf1df_6.0.26100.8457_none_3e0b2faee331e92d\COMCTL32.dll
0x00007fff693f0000 - 0x00007fff69499000 	C:\WINDOWS\System32\msvcrt.dll
0x00007fff69550000 - 0x00007fff69582000 	C:\WINDOWS\System32\IMM32.DLL
0x00007fff636a0000 - 0x00007fff636ac000 	C:\Program Files\Java\jdk-25.0.3\bin\vcruntime140_1.dll
0x00007fff45ab0000 - 0x00007fff45b3d000 	C:\Program Files\Java\jdk-25.0.3\bin\msvcp140.dll
0x00007ffee57a0000 - 0x00007ffee6600000 	C:\Program Files\Java\jdk-25.0.3\bin\server\jvm.dll
0x00007fff69a20000 - 0x00007fff69ad6000 	C:\WINDOWS\System32\ADVAPI32.dll
0x00007fff69340000 - 0x00007fff693e7000 	C:\WINDOWS\System32\sechost.dll
0x00007fff683d0000 - 0x00007fff684e8000 	C:\WINDOWS\System32\RPCRT4.dll
0x00007fff68170000 - 0x00007fff681f0000 	C:\WINDOWS\System32\WS2_32.dll
0x00007fff66ab0000 - 0x00007fff66b0e000 	C:\WINDOWS\SYSTEM32\POWRPROF.dll
0x00007fff19260000 - 0x00007fff19296000 	C:\WINDOWS\SYSTEM32\WINMM.dll
0x00007fff5b4d0000 - 0x00007fff5b4db000 	C:\WINDOWS\SYSTEM32\VERSION.dll
0x00007fff66a90000 - 0x00007fff66aa4000 	C:\WINDOWS\SYSTEM32\UMPDC.dll
0x00007fff659e0000 - 0x00007fff659fb000 	C:\WINDOWS\SYSTEM32\kernel.appcore.dll
0x00007fff62090000 - 0x00007fff6209a000 	C:\Program Files\Java\jdk-25.0.3\bin\jimage.dll
0x00007fff64c20000 - 0x00007fff64e62000 	C:\WINDOWS\SYSTEM32\DBGHELP.DLL
0x00007fff69dd0000 - 0x00007fff6a153000 	C:\WINDOWS\System32\combase.dll
0x00007fff682d0000 - 0x00007fff683a9000 	C:\WINDOWS\System32\OLEAUT32.dll
0x00007fff44970000 - 0x00007fff449ab000 	C:\WINDOWS\SYSTEM32\dbgcore.DLL
0x00007fff67c10000 - 0x00007fff67cb8000 	C:\WINDOWS\System32\bcryptPrimitives.dll
0x00007fff61fd0000 - 0x00007fff61fe0000 	C:\Program Files\Java\jdk-25.0.3\bin\instrument.dll
0x00007fff4f240000 - 0x00007fff4f25f000 	C:\Program Files\Java\jdk-25.0.3\bin\java.dll
0x00007fff69670000 - 0x00007fff69807000 	C:\WINDOWS\System32\ole32.dll
0x00007fff68bc0000 - 0x00007fff6932e000 	C:\WINDOWS\System32\SHELL32.dll
0x00007fff66d10000 - 0x00007fff6757c000 	C:\WINDOWS\System32\windows.storage.dll
0x00007fff69ae0000 - 0x00007fff69bd6000 	C:\WINDOWS\System32\SHCORE.dll
0x00007fff699b0000 - 0x00007fff69a16000 	C:\WINDOWS\System32\shlwapi.dll
0x00007fff66b70000 - 0x00007fff66b99000 	C:\WINDOWS\SYSTEM32\profapi.dll
0x00007fff481a0000 - 0x00007fff481b7000 	C:\Program Files\Java\jdk-25.0.3\bin\zip.dll
0x00007fff4a3e0000 - 0x00007fff4a3f2000 	C:\Program Files\Java\jdk-25.0.3\bin\net.dll
0x00007fff65f50000 - 0x00007fff65fbc000 	C:\WINDOWS\system32\mswsock.dll
0x00007fff49420000 - 0x00007fff49436000 	C:\Program Files\Java\jdk-25.0.3\bin\nio.dll
0x00007fff5c190000 - 0x00007fff5c1a0000 	C:\Program Files\Java\jdk-25.0.3\bin\verify.dll
0x00007fff57e90000 - 0x00007fff57eb7000 	C:\Users\poloa\.gradle\native\660c5614fbf4a5f2a75b1949f50a0caf5cd603558e7d8a26e50b933a0cfb79d1\windows-amd64\native-platform.dll
0x00007fff3a290000 - 0x00007fff3a307000 	C:\Users\poloa\.gradle\native\0.2.8\x86_64-windows-gnu\gradle-fileevents.dll
0x00007fff58110000 - 0x00007fff5811a000 	C:\Program Files\Java\jdk-25.0.3\bin\management.dll
0x00007fff58100000 - 0x00007fff5810c000 	C:\Program Files\Java\jdk-25.0.3\bin\management_ext.dll
0x00007fff69590000 - 0x00007fff69598000 	C:\WINDOWS\System32\PSAPI.DLL
0x00007fff653f0000 - 0x00007fff65422000 	C:\WINDOWS\SYSTEM32\IPHLPAPI.DLL
0x00007fff682c0000 - 0x00007fff682ca000 	C:\WINDOWS\System32\NSI.dll
0x00007fff5b4e0000 - 0x00007fff5b4e9000 	C:\Program Files\Java\jdk-25.0.3\bin\extnet.dll
0x00007fff66230000 - 0x00007fff6624b000 	C:\WINDOWS\SYSTEM32\CRYPTSP.dll
0x00007fff65940000 - 0x00007fff65979000 	C:\WINDOWS\system32\rsaenh.dll
0x00007fff66000000 - 0x00007fff66033000 	C:\WINDOWS\SYSTEM32\USERENV.dll
0x00007fff66b40000 - 0x00007fff66b6a000 	C:\WINDOWS\SYSTEM32\bcrypt.dll
0x00007fff66250000 - 0x00007fff6625c000 	C:\WINDOWS\SYSTEM32\CRYPTBASE.dll
0x00007fff620a0000 - 0x00007fff620ae000 	C:\Program Files\Java\jdk-25.0.3\bin\sunmscapi.dll
0x00007fff67cc0000 - 0x00007fff67e38000 	C:\WINDOWS\System32\CRYPT32.dll
0x00007fff66450000 - 0x00007fff66480000 	C:\WINDOWS\SYSTEM32\ncrypt.dll
0x00007fff66400000 - 0x00007fff6643f000 	C:\WINDOWS\SYSTEM32\NTASN1.dll
0x00007fff58120000 - 0x00007fff58128000 	C:\WINDOWS\system32\wshunix.dll

JVMTI agents:
C:\Users\poloa\.gradle\wrapper\dists\gradle-9.4.1-bin\arn2x92ynaizyzdaamcbpbhtj\gradle-9.4.1\lib\agents\gradle-instrumentation-agent-9.4.1.jar path:C:\Program Files\Java\jdk-25.0.3\bin\instrument.dll, loaded, initialized, instrumentlib options:none

dbghelp: loaded successfully - version: 4.0.5 - missing functions: none
symbol engine: initialized successfully - sym options: 0x614 - pdb path: .;C:\Program Files\Java\jdk-25.0.3\bin;C:\WINDOWS\SYSTEM32;C:\WINDOWS\WinSxS\amd64_microsoft.windows.common-controls_6595b64144ccf1df_6.0.26100.8457_none_3e0b2faee331e92d;C:\Program Files\Java\jdk-25.0.3\bin\server;C:\Users\poloa\.gradle\native\660c5614fbf4a5f2a75b1949f50a0caf5cd603558e7d8a26e50b933a0cfb79d1\windows-amd64;C:\Users\poloa\.gradle\native\0.2.8\x86_64-windows-gnu

VM Arguments:
jvm_args: --add-opens=java.base/java.lang=ALL-UNNAMED --add-opens=java.base/java.lang.invoke=ALL-UNNAMED --add-opens=java.base/java.util=ALL-UNNAMED --add-opens=java.prefs/java.util.prefs=ALL-UNNAMED --add-exports=jdk.compiler/com.sun.tools.javac.api=ALL-UNNAMED --add-exports=jdk.compiler/com.sun.tools.javac.util=ALL-UNNAMED --add-opens=java.base/java.util=ALL-UNNAMED --add-opens=java.prefs/java.util.prefs=ALL-UNNAMED --add-opens=java.base/java.nio.charset=ALL-UNNAMED --add-opens=java.base/java.net=ALL-UNNAMED --add-opens=java.base/java.util.concurrent=ALL-UNNAMED --add-opens=java.base/java.util.concurrent.atomic=ALL-UNNAMED --add-opens=java.xml/javax.xml.namespace=ALL-UNNAMED --add-opens=java.base/java.time=ALL-UNNAMED --enable-native-access=ALL-UNNAMED -XX:MaxMetaspaceSize=384m -XX:+HeapDumpOnOutOfMemoryError -Xms256m -Xmx512m -Dfile.encoding=UTF-8 -Duser.country=US -Duser.language=en -Duser.variant -javaagent:C:\Users\poloa\.gradle\wrapper\dists\gradle-9.4.1-bin\arn2x92ynaizyzdaamcbpbhtj\gradle-9.4.1\lib\agents\gradle-instrumentation-agent-9.4.1.jar 
java_command: org.gradle.launcher.daemon.bootstrap.GradleDaemon 9.4.1
java_class_path (initial): C:\Users\poloa\.gradle\wrapper\dists\gradle-9.4.1-bin\arn2x92ynaizyzdaamcbpbhtj\gradle-9.4.1\lib\gradle-daemon-main-9.4.1.jar
Launcher Type: SUN_STANDARD

[Global flags]
     intx CICompilerCount                          = 3                                         {product} {ergonomic}
   size_t CompressedClassSpaceSize                 = 335544320                                 {product} {ergonomic}
     uint ConcGCThreads                            = 1                                         {product} {ergonomic}
     uint G1ConcRefinementThreads                  = 4                                         {product} {ergonomic}
   size_t G1HeapRegionSize                         = 1048576                                   {product} {ergonomic}
     bool HeapDumpOnOutOfMemoryError               = true                                   {manageable} {command line}
   size_t InitialHeapSize                          = 268435456                                 {product} {command line}
   size_t MarkStackSize                            = 4194304                                   {product} {ergonomic}
   size_t MarkStackSizeMax                         = 536870912                                 {product} {ergonomic}
   size_t MaxHeapSize                              = 536870912                                 {product} {command line}
   size_t MaxMetaspaceSize                         = 402653184                                 {product} {command line}
   size_t MaxNewSize                               = 321912832                                 {product} {ergonomic}
   size_t MinHeapDeltaBytes                        = 1048576                                   {product} {ergonomic}
   size_t MinHeapSize                              = 268435456                                 {product} {command line}
    uintx NonNMethodCodeHeapSize                   = 5832704                                {pd product} {ergonomic}
    uintx NonProfiledCodeHeapSize                  = 122945536                              {pd product} {ergonomic}
    uintx ProfiledCodeHeapSize                     = 122880000                              {pd product} {ergonomic}
    uintx ReservedCodeCacheSize                    = 251658240                              {pd product} {ergonomic}
     bool SegmentedCodeCache                       = true                                      {product} {ergonomic}
   size_t SoftMaxHeapSize                          = 536870912                              {manageable} {ergonomic}
     bool UseCompressedOops                        = true                           {product lp64_product} {ergonomic}
     bool UseG1GC                                  = true                                      {product} {ergonomic}
     bool UseLargePagesIndividualAllocation        = false                                  {pd product} {ergonomic}

Logging:
Log output configuration:
 #0: stdout all=warning uptime,level,tags foldmultilines=false
 #1: stderr all=off uptime,level,tags foldmultilines=false

Release file:
IMPLEMENTOR="Oracle Corporation" 
JAVA_RUNTIME_VERSION="25.0.3+9-LTS-195" 
JAVA_VERSION="25.0.3" 
JAVA_VERSION_DATE="2026-04-21" 
LIBC="default" 
MODULES="java.base java.compiler java.datatransfer java.xml java.prefs java.desktop java.instrument java.logging java.management java.security.sasl java.naming java.rmi java.management.rmi java.net.http java.scripting java.security.jgss java.transaction.xa java.sql java.sql.rowset java.xml.crypto java.se java.smartcardio jdk.accessibility jdk.internal.jvmstat jdk.attach jdk.charsets jdk.internal.opt jdk.zipfs jdk.compiler jdk.crypto.cryptoki jdk.crypto.ec jdk.crypto.mscapi jdk.dynalink jdk.internal.ed jdk.editpad jdk.internal.vm.ci jdk.graal.compiler jdk.graal.compiler.management jdk.hotspot.agent jdk.httpserver jdk.incubator.vector jdk.internal.le jdk.internal.md jdk.jartool jdk.javadoc jdk.jcmd jdk.management jdk.management.agent jdk.jconsole jdk.jdeps jdk.jdwp.agent jdk.jdi jdk.jfr jdk.jlink jdk.jpackage jdk.jshell jdk.jsobject jdk.jstatd jdk.localedata jdk.management.jfr jdk.naming.dns jdk.naming.rmi jdk.net jdk.nio.mapmode jdk.sctp jdk.security.auth jdk.security.jgss jdk.unsupported jdk.unsupported.desktop jdk.xml.dom" 
OS_ARCH="x86_64" 
OS_NAME="Windows" 
SOURCE=".:git:bf167394bb46 open:git:e57ac4c1e765" 

Environment Variables:
CLASSPATH=c:\Users\poloa\.vscode\extensions\vscjava.vscode-gradle-3.17.3\lib\gradle-server.jar
PATH=C:\Users\poloa\AppData\Local\Programs\Microsoft VS Code;C:\Program Files\Common Files\Oracle\Java\javapath;C:\WINDOWS\system32;C:\WINDOWS;C:\WINDOWS\System32\Wbem;C:\WINDOWS\System32\WindowsPowerShell\v1.0\;C:\WINDOWS\System32\OpenSSH\;C:\Program Files\Git\cmd;C:\Users\poloa\AppData\Local\Microsoft\WindowsApps;C:\Users\poloa\AppData\Local\Programs\Microsoft VS Code\bin
USERNAME=poloa
OS=Windows_NT
PROCESSOR_IDENTIFIER=Intel64 Family 6 Model 126 Stepping 5, GenuineIntel
TMP=C:\Users\poloa\AppData\Local\Temp
TEMP=C:\Users\poloa\AppData\Local\Temp




Compilation memory statistics disabled.

Periodic native trim disabled

---------------  S Y S T E M  ---------------

OS:
 Windows 11 , 64 bit Build 26100 (10.0.26100.8328)
OS uptime: 0 days 4:30 hours

CPU: total 4 (initial active 4) (2 cores per cpu, 2 threads per core) family 6 model 126 stepping 5 microcode 0x96, cx8, cmov, fxsr, ht, mmx, 3dnowpref, sse, sse2, sse3, ssse3, sse4.1, sse4.2, popcnt, lzcnt, tsc, tscinvbit, avx, avx2, aes, erms, clmul, bmi1, bmi2, adx, avx512f, avx512dq, avx512cd, avx512bw, avx512vl, sha, fma, vzeroupper, avx512_vpopcntdq, avx512_vpclmulqdq, avx512_vaes, avx512_vnni, clflush, clflushopt, avx512_vbmi2, avx512_vbmi, rdtscp, rdpid, fsrm, gfni, avx512_bitalg, f16c, pku, avx512_ifma
Processor Information for processor 0
  Max Mhz: 1190, Current Mhz: 1190, Mhz Limit: 1190
Processor Information for processor 1
  Max Mhz: 1190, Current Mhz: 1190, Mhz Limit: 1190
Processor Information for processor 2
  Max Mhz: 1190, Current Mhz: 991, Mhz Limit: 1190
Processor Information for processor 3
  Max Mhz: 1190, Current Mhz: 1190, Mhz Limit: 1190

Memory: 4k page, system-wide physical 3863M (211M free)
TotalPageFile size 15639M (AvailPageFile size 3M)
current process WorkingSet (physical memory assigned to process): 274M, peak: 320M
current process commit charge ("private bytes"): 520M, peak: 546M

vm_info: Java HotSpot(TM) 64-Bit Server VM (25.0.3+9-LTS-195) for windows-amd64 JRE (25.0.3+9-LTS-195), built on 2026-03-11T00:20:00Z with MS VC++ 17.13 (VS2022)

END.
